
date    = 'Wed Mar  6 03:51:20 PM IST 2024'
whoami  = 'shantanu'
pwd     = '/home/shantanu/Pictures/Jaltantra_loop/JalTantra-Code-and-Scripts'
$0      = '/home/shantanu/Pictures/Jaltantra_loop/JalTantra-Code-and-Scripts/CalculateNetworkCost_JaltantraLauncher.sh'
$1      = '/home/shantanu/Pictures/Jaltantra_loop/JalTantra-Code-and-Scripts/./DataNetworkGraphInput_hashed/67e32a84e072b27c93808adb5d742e119f7ed1b34c9133dc4d72bee3983f70de.R'
$2      = '00:01:00'
python  = ''
python3 = '/usr/bin/python3'
/home/shantanu/Pictures/Jaltantra_loop/JalTantra-Code-and-Scripts
.
/home/shantanu/Pictures/Jaltantra_loop/JalTantra-Code-and-Scripts

date    = 'Wed Mar  6 03:52:58 PM IST 2024'
whoami  = 'shantanu'
pwd     = '/home/shantanu/Pictures/Jaltantra_loop/JalTantra-Code-and-Scripts'
$0      = '/home/shantanu/Pictures/Jaltantra_loop/JalTantra-Code-and-Scripts/CalculateNetworkCost_JaltantraLauncher.sh'
$1      = '/home/shantanu/Pictures/Jaltantra_loop/JalTantra-Code-and-Scripts/./DataNetworkGraphInput_hashed/67e32a84e072b27c93808adb5d742e119f7ed1b34c9133dc4d72bee3983f70de.R'
$2      = '00:01:00'
python  = ''
python3 = '/usr/bin/python3'
/home/shantanu/Pictures/Jaltantra_loop/JalTantra-Code-and-Scripts
.
/home/shantanu/Pictures/Jaltantra_loop/JalTantra-Code-and-Scripts

date    = 'Wed Mar  6 04:03:18 PM IST 2024'
whoami  = 'shantanu'
pwd     = '/home/shantanu/Pictures/Jaltantra_loop/JalTantra-Code-and-Scripts'
$0      = '/home/shantanu/Pictures/Jaltantra_loop/JalTantra-Code-and-Scripts/CalculateNetworkCost_JaltantraLauncher.sh'
$1      = '/home/shantanu/Pictures/Jaltantra_loop/JalTantra-Code-and-Scripts/./DataNetworkGraphInput_hashed/9d248e588037829765279f45e40a53ac4b698433a75dff02e263b3be0c5e5f26.R'
$2      = '00:01:00'
python  = '/home/shantanu/miniconda3/bin/python'
python3 = '/home/shantanu/miniconda3/bin/python3'
/home/shantanu/Pictures/Jaltantra_loop/JalTantra-Code-and-Scripts
.
/home/shantanu/Pictures/Jaltantra_loop/JalTantra-Code-and-Scripts

date    = 'Sat Mar  9 12:28:09 PM IST 2024'
whoami  = 'shantanu'
pwd     = '/home/shantanu/Pictures/Jaltantra_loop/JalTantra-Code-and-Scripts'
$0      = '/home/shantanu/Pictures/Jaltantra_loop/JalTantra-Code-and-Scripts/CalculateNetworkCost_JaltantraLauncher.sh'
$1      = '/home/shantanu/Pictures/Jaltantra_loop/JalTantra-Code-and-Scripts/./DataNetworkGraphInput_hashed/9d248e588037829765279f45e40a53ac4b698433a75dff02e263b3be0c5e5f26.R'
$2      = '00:01:00'
python  = ''
python3 = '/usr/bin/python3'
/home/shantanu/Pictures/Jaltantra_loop/JalTantra-Code-and-Scripts
.
/home/shantanu/Pictures/Jaltantra_loop/JalTantra-Code-and-Scripts

date    = 'Tue Mar 12 10:10:26 AM IST 2024'
whoami  = 'shantanu'
pwd     = '/home/shantanu/Pictures/Jaltantra_loop/JalTantra-Code-and-Scripts'
$0      = './CalculateNetworkCost_JaltantraLauncher.sh'
$1      = 'DataNetworkGraphInput_hashed/9d248e588037829765279f45e40a53ac4b698433a75dff02e263b3be0c5e5f26.R'
$2      = '0:1:0'
python  = '/home/shantanu/miniconda3/bin/python'
python3 = '/home/shantanu/miniconda3/bin/python3'
.
.
.

date    = 'Tue Mar 12 10:18:19 AM IST 2024'
whoami  = 'shantanu'
pwd     = '/home/shantanu/Pictures/Jaltantra_loop/JalTantra-Code-and-Scripts'
$0      = './CalculateNetworkCost_JaltantraLauncher.sh'
$1      = 'DataNetworkGraphInput_hashed/9d248e588037829765279f45e40a53ac4b698433a75dff02e263b3be0c5e5f26.R'
$2      = '0:1:0'
python  = '/home/shantanu/miniconda3/bin/python'
python3 = '/home/shantanu/miniconda3/bin/python3'
.
.
.

date    = 'Tue Mar 12 10:21:30 AM IST 2024'
whoami  = 'shantanu'
pwd     = '/home/shantanu/Pictures/Jaltantra_loop/JalTantra-Code-and-Scripts'
$0      = './CalculateNetworkCost_JaltantraLauncher.sh'
$1      = 'DataNetworkGraphInput_hashed/9d248e588037829765279f45e40a53ac4b698433a75dff02e263b3be0c5e5f26.R'
$2      = '0:1:0'
python  = '/home/shantanu/miniconda3/bin/python'
python3 = '/home/shantanu/miniconda3/bin/python3'
.
.
.

date    = 'Tue Mar 12 10:21:53 AM IST 2024'
whoami  = 'shantanu'
pwd     = '/home/shantanu/Pictures/Jaltantra_loop/JalTantra-Code-and-Scripts'
$0      = './CalculateNetworkCost_JaltantraLauncher.sh'
$1      = 'DataNetworkGraphInput_hashed/9d248e588037829765279f45e40a53ac4b698433a75dff02e263b3be0c5e5f26.R'
$2      = '0:1:0'
python  = '/home/shantanu/miniconda3/bin/python'
python3 = '/home/shantanu/miniconda3/bin/python3'
.
.
.

date    = 'Tue Mar 12 10:24:19 AM IST 2024'
whoami  = 'shantanu'
pwd     = '/home/shantanu/Pictures/Jaltantra_loop/JalTantra-Code-and-Scripts'
$0      = './CalculateNetworkCost_JaltantraLauncher.sh'
$1      = 'DataNetworkGraphInput_hashed/9d248e588037829765279f45e40a53ac4b698433a75dff02e263b3be0c5e5f26.R'
$2      = '0:1:0'
python  = '/home/shantanu/miniconda3/bin/python'
python3 = '/home/shantanu/miniconda3/bin/python3'
.
.
.

date    = 'Tue Mar 12 10:25:45 AM IST 2024'
whoami  = 'shantanu'
pwd     = '/home/shantanu/Pictures/Jaltantra_loop/JalTantra-Code-and-Scripts'
$0      = './CalculateNetworkCost_JaltantraLauncher.sh'
$1      = 'DataNetworkGraphInput_hashed/9d248e588037829765279f45e40a53ac4b698433a75dff02e263b3be0c5e5f26.R'
$2      = '0:1:0'
python  = '/home/shantanu/miniconda3/bin/python'
python3 = '/home/shantanu/miniconda3/bin/python3'
.
.
.

date    = 'Tue Mar 12 10:27:38 AM IST 2024'
whoami  = 'shantanu'
pwd     = '/home/shantanu/Pictures/Jaltantra_loop/JalTantra-Code-and-Scripts'
$0      = './CalculateNetworkCost_JaltantraLauncher.sh'
$1      = 'DataNetworkGraphInput_hashed/9d248e588037829765279f45e40a53ac4b698433a75dff02e263b3be0c5e5f26.R'
$2      = '0:1:0'
python  = '/home/shantanu/miniconda3/bin/python'
python3 = '/home/shantanu/miniconda3/bin/python3'
.
.
.

date    = 'Tue Mar 12 10:33:07 AM IST 2024'
whoami  = 'shantanu'
pwd     = '/home/shantanu/Pictures/Jaltantra_loop/JalTantra-Code-and-Scripts'
$0      = './CalculateNetworkCost_JaltantraLauncher.sh'
$1      = 'DataNetworkGraphInput_hashed/9d248e588037829765279f45e40a53ac4b698433a75dff02e263b3be0c5e5f26.R'
$2      = '0:1:0'
python  = '/home/shantanu/miniconda3/bin/python'
python3 = '/home/shantanu/miniconda3/bin/python3'
.
.
.

date    = 'Tue Mar 12 10:34:17 AM IST 2024'
whoami  = 'shantanu'
pwd     = '/home/shantanu/Pictures/Jaltantra_loop/JalTantra-Code-and-Scripts'
$0      = './CalculateNetworkCost_JaltantraLauncher.sh'
$1      = 'DataNetworkGraphInput_hashed/9d248e588037829765279f45e40a53ac4b698433a75dff02e263b3be0c5e5f26.R'
$2      = '0:1:0'
python  = '/home/shantanu/miniconda3/bin/python'
python3 = '/home/shantanu/miniconda3/bin/python3'
.
.
.

date    = 'Tue Mar 12 11:15:25 AM IST 2024'
whoami  = 'shantanu'
pwd     = '/home/shantanu/Pictures/Jaltantra_loop/JalTantra-Code-and-Scripts'
$0      = './CalculateNetworkCost_JaltantraLauncher.sh'
$1      = 'DataNetworkGraphInput_hashed/9d248e588037829765279f45e40a53ac4b698433a75dff02e263b3be0c5e5f26.R'
$2      = '0:1:0'
python  = '/home/shantanu/miniconda3/bin/python'
python3 = '/home/shantanu/miniconda3/bin/python3'
.
.
.

date    = 'Tue Mar 12 11:17:50 AM IST 2024'
whoami  = 'shantanu'
pwd     = '/home/shantanu/Pictures/Jaltantra_loop/JalTantra-Code-and-Scripts'
$0      = './CalculateNetworkCost_JaltantraLauncher.sh'
$1      = 'DataNetworkGraphInput_hashed/9d248e588037829765279f45e40a53ac4b698433a75dff02e263b3be0c5e5f26.R'
$2      = '0:1:0'
python  = '/home/shantanu/miniconda3/bin/python'
python3 = '/home/shantanu/miniconda3/bin/python3'
.
.
.

date    = 'Tue Mar 12 11:39:58 AM IST 2024'
whoami  = 'shantanu'
pwd     = '/home/shantanu/Pictures/Jaltantra_loop/JalTantra-Code-and-Scripts'
$0      = '/home/shantanu/Pictures/Jaltantra_loop/JalTantra-Code-and-Scripts/CalculateNetworkCost_JaltantraLauncher.sh'
$1      = '/home/shantanu/Pictures/Jaltantra_loop/JalTantra-Code-and-Scripts/./DataNetworkGraphInput_hashed/9d248e588037829765279f45e40a53ac4b698433a75dff02e263b3be0c5e5f26.R'
$2      = '00:01:00'
python  = ''
python3 = '/usr/bin/python3'
/home/shantanu/Pictures/Jaltantra_loop/JalTantra-Code-and-Scripts
.
/home/shantanu/Pictures/Jaltantra_loop/JalTantra-Code-and-Scripts

date    = 'Tue Mar 12 11:47:41 AM IST 2024'
whoami  = 'shantanu'
pwd     = '/home/shantanu/Pictures/Jaltantra_loop/JalTantra-Code-and-Scripts'
$0      = '/home/shantanu/Pictures/Jaltantra_loop/JalTantra-Code-and-Scripts/CalculateNetworkCost_JaltantraLauncher.sh'
$1      = '/home/shantanu/Pictures/Jaltantra_loop/JalTantra-Code-and-Scripts/./DataNetworkGraphInput_hashed/9d248e588037829765279f45e40a53ac4b698433a75dff02e263b3be0c5e5f26.R'
$2      = '00:01:00'
python  = ''
python3 = '/usr/bin/python3'
/home/shantanu/Pictures/Jaltantra_loop/JalTantra-Code-and-Scripts
.
/home/shantanu/Pictures/Jaltantra_loop/JalTantra-Code-and-Scripts

date    = 'Tue Mar 12 11:50:28 AM IST 2024'
whoami  = 'shantanu'
pwd     = '/home/shantanu/Pictures/Jaltantra_loop/JalTantra-Code-and-Scripts'
$0      = '/home/shantanu/Pictures/Jaltantra_loop/JalTantra-Code-and-Scripts/CalculateNetworkCost_JaltantraLauncher.sh'
$1      = '/home/shantanu/Pictures/Jaltantra_loop/JalTantra-Code-and-Scripts/./DataNetworkGraphInput_hashed/9d248e588037829765279f45e40a53ac4b698433a75dff02e263b3be0c5e5f26.R'
$2      = '00:01:00'
python  = ''
python3 = '/usr/bin/python3'
/home/shantanu/Pictures/Jaltantra_loop/JalTantra-Code-and-Scripts
.
/home/shantanu/Pictures/Jaltantra_loop/JalTantra-Code-and-Scripts

date    = 'Tue Mar 12 11:52:19 AM IST 2024'
whoami  = 'shantanu'
pwd     = '/home/shantanu/Pictures/Jaltantra_loop/JalTantra-Code-and-Scripts'
$0      = '/home/shantanu/Pictures/Jaltantra_loop/JalTantra-Code-and-Scripts/CalculateNetworkCost_JaltantraLauncher.sh'
$1      = '/home/shantanu/Pictures/Jaltantra_loop/JalTantra-Code-and-Scripts/./DataNetworkGraphInput_hashed/9d248e588037829765279f45e40a53ac4b698433a75dff02e263b3be0c5e5f26.R'
$2      = '00:01:00'
python  = ''
python3 = '/usr/bin/python3'
/home/shantanu/Pictures/Jaltantra_loop/JalTantra-Code-and-Scripts
.
/home/shantanu/Pictures/Jaltantra_loop/JalTantra-Code-and-Scripts

date    = 'Tue Mar 12 11:54:44 AM IST 2024'
whoami  = 'shantanu'
pwd     = '/home/shantanu/Pictures/Jaltantra_loop/JalTantra-Code-and-Scripts'
$0      = '/home/shantanu/Pictures/Jaltantra_loop/JalTantra-Code-and-Scripts/CalculateNetworkCost_JaltantraLauncher.sh'
$1      = '/home/shantanu/Pictures/Jaltantra_loop/JalTantra-Code-and-Scripts/./DataNetworkGraphInput_hashed/8c4e2a81470383bba82a1fd81c1e2a95e1b7aa1cf7a3140993612dd1dbda00e9.R'
$2      = '00:05:00'
python  = ''
python3 = '/usr/bin/python3'
/home/shantanu/Pictures/Jaltantra_loop/JalTantra-Code-and-Scripts
.
/home/shantanu/Pictures/Jaltantra_loop/JalTantra-Code-and-Scripts

date    = 'Tue Mar 12 12:08:10 PM IST 2024'
whoami  = 'shantanu'
pwd     = '/home/shantanu/Pictures/Jaltantra_loop/JalTantra-Code-and-Scripts'
$0      = './CalculateNetworkCost_JaltantraLauncher.sh'
$1      = 'DataNetworkGraphInput_hashed/8c4e2a81470383bba82a1fd81c1e2a95e1b7aa1cf7a3140993612dd1dbda00e9.R'
$2      = '0:1:0'
python  = '/home/shantanu/miniconda3/bin/python'
python3 = '/home/shantanu/miniconda3/bin/python3'
.
.
.

date    = 'Tue Mar 12 12:10:35 PM IST 2024'
whoami  = 'shantanu'
pwd     = '/home/shantanu/Pictures/Jaltantra_loop/JalTantra-Code-and-Scripts'
$0      = '/home/shantanu/Pictures/Jaltantra_loop/JalTantra-Code-and-Scripts/CalculateNetworkCost_JaltantraLauncher.sh'
$1      = '/home/shantanu/Pictures/Jaltantra_loop/JalTantra-Code-and-Scripts/./DataNetworkGraphInput_hashed/8c4e2a81470383bba82a1fd81c1e2a95e1b7aa1cf7a3140993612dd1dbda00e9.R'
$2      = '00:01:00'
python  = ''
python3 = '/usr/bin/python3'
/home/shantanu/Pictures/Jaltantra_loop/JalTantra-Code-and-Scripts
.
/home/shantanu/Pictures/Jaltantra_loop/JalTantra-Code-and-Scripts

date    = 'Tue Mar 12 02:21:21 PM IST 2024'
whoami  = 'shantanu'
pwd     = '/home/shantanu/Pictures/Jaltantra_loop/JalTantra-Code-and-Scripts'
$0      = '/home/shantanu/Pictures/Jaltantra_loop/JalTantra-Code-and-Scripts/CalculateNetworkCost_JaltantraLauncher.sh'
$1      = '/home/shantanu/Pictures/Jaltantra_loop/JalTantra-Code-and-Scripts/./DataNetworkGraphInput_hashed/8c4e2a81470383bba82a1fd81c1e2a95e1b7aa1cf7a3140993612dd1dbda00e9.R'
$2      = '00:01:00'
python  = ''
python3 = '/usr/bin/python3'
/home/shantanu/Pictures/Jaltantra_loop/JalTantra-Code-and-Scripts
.
/home/shantanu/Pictures/Jaltantra_loop/JalTantra-Code-and-Scripts

date    = 'Tue Mar 12 02:24:23 PM IST 2024'
whoami  = 'shantanu'
pwd     = '/home/shantanu/Pictures/Jaltantra_loop/JalTantra-Code-and-Scripts'
$0      = './CalculateNetworkCost_JaltantraLauncher.sh'
$1      = 'DataNetworkGraphInput_hashed/8c4e2a81470383bba82a1fd81c1e2a95e1b7aa1cf7a3140993612dd1dbda00e9.R'
$2      = '0:1:0'
python  = '/home/shantanu/miniconda3/bin/python'
python3 = '/home/shantanu/miniconda3/bin/python3'
.
.
.

date    = 'Tue Mar 12 02:25:23 PM IST 2024'
whoami  = 'shantanu'
pwd     = '/home/shantanu/Pictures/Jaltantra_loop/JalTantra-Code-and-Scripts'
$0      = './CalculateNetworkCost_JaltantraLauncher.sh'
$1      = 'DataNetworkGraphInput_hashed/8c4e2a81470383bba82a1fd81c1e2a95e1b7aa1cf7a3140993612dd1dbda00e9.R'
$2      = '0:1:0'
python  = '/home/shantanu/miniconda3/bin/python'
python3 = '/home/shantanu/miniconda3/bin/python3'
.
.
.

date    = 'Tue Mar 12 02:54:03 PM IST 2024'
whoami  = 'shantanu'
pwd     = '/home/shantanu/Pictures/Jaltantra_loop/JalTantra-Code-and-Scripts'
$0      = './CalculateNetworkCost_JaltantraLauncher.sh'
$1      = 'DataNetworkGraphInput_hashed/9d248e588037829765279f45e40a53ac4b698433a75dff02e263b3be0c5e5f26.R'
$2      = '0:1:0'
python  = '/home/shantanu/miniconda3/bin/python'
python3 = '/home/shantanu/miniconda3/bin/python3'
.
.
.

date    = 'Tue Mar 12 02:56:50 PM IST 2024'
whoami  = 'shantanu'
pwd     = '/home/shantanu/Pictures/Jaltantra_loop/JalTantra-Code-and-Scripts'
$0      = '/home/shantanu/Pictures/Jaltantra_loop/JalTantra-Code-and-Scripts/CalculateNetworkCost_JaltantraLauncher.sh'
$1      = '/home/shantanu/Pictures/Jaltantra_loop/JalTantra-Code-and-Scripts/./DataNetworkGraphInput_hashed/9d248e588037829765279f45e40a53ac4b698433a75dff02e263b3be0c5e5f26.R'
$2      = '00:01:00'
python  = ''
python3 = '/usr/bin/python3'
/home/shantanu/Pictures/Jaltantra_loop/JalTantra-Code-and-Scripts
.
/home/shantanu/Pictures/Jaltantra_loop/JalTantra-Code-and-Scripts

date    = 'Tue Mar 12 02:59:44 PM IST 2024'
whoami  = 'shantanu'
pwd     = '/home/shantanu/Pictures/Jaltantra_loop/JalTantra-Code-and-Scripts'
$0      = './CalculateNetworkCost_JaltantraLauncher.sh'
$1      = 'DataNetworkGraphInput_hashed/9d248e588037829765279f45e40a53ac4b698433a75dff02e263b3be0c5e5f26.R'
$2      = '0:1:0'
python  = '/home/shantanu/miniconda3/bin/python'
python3 = '/home/shantanu/miniconda3/bin/python3'
.
.
.

date    = 'Tue Mar 12 03:15:22 PM IST 2024'
whoami  = 'shantanu'
pwd     = '/home/shantanu/Pictures/Jaltantra_loop/JalTantra-Code-and-Scripts'
$0      = './CalculateNetworkCost_JaltantraLauncher.sh'
$1      = 'DataNetworkGraphInput_hashed/9d248e588037829765279f45e40a53ac4b698433a75dff02e263b3be0c5e5f26.R'
$2      = '0:1:0'
python  = '/home/shantanu/miniconda3/bin/python'
python3 = '/home/shantanu/miniconda3/bin/python3'
.
.
.

date    = 'Tue Mar 12 03:16:05 PM IST 2024'
whoami  = 'shantanu'
pwd     = '/home/shantanu/Pictures/Jaltantra_loop/JalTantra-Code-and-Scripts'
$0      = './CalculateNetworkCost_JaltantraLauncher.sh'
$1      = 'DataNetworkGraphInput_hashed/9d248e588037829765279f45e40a53ac4b698433a75dff02e263b3be0c5e5f26.R'
$2      = '0:1:0'
python  = '/home/shantanu/miniconda3/bin/python'
python3 = '/home/shantanu/miniconda3/bin/python3'
.
.
.

date    = 'Tue Mar 12 03:20:22 PM IST 2024'
whoami  = 'shantanu'
pwd     = '/home/shantanu/Pictures/Jaltantra_loop/JalTantra-Code-and-Scripts'
$0      = './CalculateNetworkCost_JaltantraLauncher.sh'
$1      = 'DataNetworkGraphInput_hashed/9d248e588037829765279f45e40a53ac4b698433a75dff02e263b3be0c5e5f26.R'
$2      = '0:1:0'
python  = '/home/shantanu/miniconda3/bin/python'
python3 = '/home/shantanu/miniconda3/bin/python3'
.
.
.

date    = 'Tue Mar 12 03:23:11 PM IST 2024'
whoami  = 'shantanu'
pwd     = '/home/shantanu/Pictures/Jaltantra_loop/JalTantra-Code-and-Scripts'
$0      = './CalculateNetworkCost_JaltantraLauncher.sh'
$1      = 'DataNetworkGraphInput_hashed/9d248e588037829765279f45e40a53ac4b698433a75dff02e263b3be0c5e5f26.R'
$2      = '0:1:0'
python  = '/home/shantanu/miniconda3/bin/python'
python3 = '/home/shantanu/miniconda3/bin/python3'
.
.
.

date    = 'Tue Mar 12 03:25:46 PM IST 2024'
whoami  = 'shantanu'
pwd     = '/home/shantanu/Pictures/Jaltantra_loop/JalTantra-Code-and-Scripts'
$0      = './CalculateNetworkCost_JaltantraLauncher.sh'
$1      = 'DataNetworkGraphInput_hashed/9d248e588037829765279f45e40a53ac4b698433a75dff02e263b3be0c5e5f26.R'
$2      = '0:1:0'
python  = '/home/shantanu/miniconda3/bin/python'
python3 = '/home/shantanu/miniconda3/bin/python3'
.
.
.

date    = 'Tue Mar 12 03:31:35 PM IST 2024'
whoami  = 'shantanu'
pwd     = '/home/shantanu/Pictures/Jaltantra_loop/JalTantra-Code-and-Scripts'
$0      = './CalculateNetworkCost_JaltantraLauncher.sh'
$1      = 'DataNetworkGraphInput_hashed/9d248e588037829765279f45e40a53ac4b698433a75dff02e263b3be0c5e5f26.R'
$2      = '0:1:0'
python  = '/home/shantanu/miniconda3/bin/python'
python3 = '/home/shantanu/miniconda3/bin/python3'
.
.
.

date    = 'Tue Mar 12 03:31:47 PM IST 2024'
whoami  = 'shantanu'
pwd     = '/home/shantanu/Pictures/Jaltantra_loop/JalTantra-Code-and-Scripts'
$0      = './CalculateNetworkCost_JaltantraLauncher.sh'
$1      = 'DataNetworkGraphInput_hashed/9d248e588037829765279f45e40a53ac4b698433a75dff02e263b3be0c5e5f26.R'
$2      = '0:1:0'
python  = '/home/shantanu/miniconda3/bin/python'
python3 = '/home/shantanu/miniconda3/bin/python3'
.
.
.

date    = 'Tue Mar 12 03:37:13 PM IST 2024'
whoami  = 'shantanu'
pwd     = '/home/shantanu/Pictures/Jaltantra_loop/JalTantra-Code-and-Scripts'
$0      = './CalculateNetworkCost_JaltantraLauncher.sh'
$1      = 'DataNetworkGraphInput_hashed/9d248e588037829765279f45e40a53ac4b698433a75dff02e263b3be0c5e5f26.R'
$2      = '0:1:0'
python  = '/home/shantanu/miniconda3/bin/python'
python3 = '/home/shantanu/miniconda3/bin/python3'
.
.
.

date    = 'Tue Mar 12 03:39:50 PM IST 2024'
whoami  = 'shantanu'
pwd     = '/home/shantanu/Pictures/Jaltantra_loop/JalTantra-Code-and-Scripts'
$0      = './CalculateNetworkCost_JaltantraLauncher.sh'
$1      = 'DataNetworkGraphInput_hashed/9d248e588037829765279f45e40a53ac4b698433a75dff02e263b3be0c5e5f26.R'
$2      = '0:1:0'
python  = '/home/shantanu/miniconda3/bin/python'
python3 = '/home/shantanu/miniconda3/bin/python3'
.
.
.

date    = 'Wed Mar 13 04:17:20 PM IST 2024'
whoami  = 'shantanu'
pwd     = '/home/shantanu/Pictures/Jaltantra_loop/JalTantra-Code-and-Scripts'
$0      = './CalculateNetworkCost_JaltantraLauncher.sh'
$1      = 'DataNetworkGraphInput_hashed/9d248e588037829765279f45e40a53ac4b698433a75dff02e263b3be0c5e5f26.R'
$2      = '0:1:0'
python  = '/home/shantanu/miniconda3/bin/python'
python3 = '/home/shantanu/miniconda3/bin/python3'
.
.
.

date    = 'Wed Mar 13 04:42:06 PM IST 2024'
whoami  = 'shantanu'
pwd     = '/home/shantanu/Pictures/Jaltantra_loop/JalTantra-Code-and-Scripts'
$0      = './CalculateNetworkCost_JaltantraLauncher.sh'
$1      = 'DataNetworkGraphInput_hashed/9d248e588037829765279f45e40a53ac4b698433a75dff02e263b3be0c5e5f26.R'
$2      = '0:1:0'
python  = '/home/shantanu/miniconda3/bin/python'
python3 = '/home/shantanu/miniconda3/bin/python3'
.
.
.

date    = 'Wed Mar 13 04:46:44 PM IST 2024'
whoami  = 'shantanu'
pwd     = '/home/shantanu/Pictures/Jaltantra_loop/JalTantra-Code-and-Scripts'
$0      = './CalculateNetworkCost_JaltantraLauncher.sh'
$1      = 'DataNetworkGraphInput_hashed/9d248e588037829765279f45e40a53ac4b698433a75dff02e263b3be0c5e5f26.R'
$2      = '0:1:0'
python  = '/home/shantanu/miniconda3/bin/python'
python3 = '/home/shantanu/miniconda3/bin/python3'
.
.
.

date    = 'Wed Mar 13 04:49:16 PM IST 2024'
whoami  = 'shantanu'
pwd     = '/home/shantanu/Pictures/Jaltantra_loop/JalTantra-Code-and-Scripts'
$0      = './CalculateNetworkCost_JaltantraLauncher.sh'
$1      = 'DataNetworkGraphInput_hashed/9d248e588037829765279f45e40a53ac4b698433a75dff02e263b3be0c5e5f26.R'
$2      = '0:1:0'
python  = '/home/shantanu/miniconda3/bin/python'
python3 = '/home/shantanu/miniconda3/bin/python3'
.
.
.

date    = 'Wed Mar 13 05:51:54 PM IST 2024'
whoami  = 'shantanu'
pwd     = '/home/shantanu/Pictures/Jaltantra_loop/JalTantra-Code-and-Scripts'
$0      = '/home/shantanu/Pictures/Jaltantra_loop/JalTantra-Code-and-Scripts/CalculateNetworkCost_JaltantraLauncher.sh'
$1      = '/home/shantanu/Pictures/Jaltantra_loop/JalTantra-Code-and-Scripts/./DataNetworkGraphInput_hashed/9d248e588037829765279f45e40a53ac4b698433a75dff02e263b3be0c5e5f26.R'
$2      = '00:01:00'
python  = ''
python3 = '/usr/bin/python3'
/home/shantanu/Pictures/Jaltantra_loop/JalTantra-Code-and-Scripts
.
/home/shantanu/Pictures/Jaltantra_loop/JalTantra-Code-and-Scripts

date    = 'Wed Mar 13 05:55:34 PM IST 2024'
whoami  = 'shantanu'
pwd     = '/home/shantanu/Pictures/Jaltantra_loop/JalTantra-Code-and-Scripts'
$0      = '/home/shantanu/Pictures/Jaltantra_loop/JalTantra-Code-and-Scripts/CalculateNetworkCost_JaltantraLauncher.sh'
$1      = '/home/shantanu/Pictures/Jaltantra_loop/JalTantra-Code-and-Scripts/./DataNetworkGraphInput_hashed/9d248e588037829765279f45e40a53ac4b698433a75dff02e263b3be0c5e5f26.R'
$2      = '00:01:00'
python  = ''
python3 = '/usr/bin/python3'
/home/shantanu/Pictures/Jaltantra_loop/JalTantra-Code-and-Scripts
.
/home/shantanu/Pictures/Jaltantra_loop/JalTantra-Code-and-Scripts

date    = 'Wed Mar 13 05:57:51 PM IST 2024'
whoami  = 'shantanu'
pwd     = '/home/shantanu/Pictures/Jaltantra_loop/JalTantra-Code-and-Scripts'
$0      = '/home/shantanu/Pictures/Jaltantra_loop/JalTantra-Code-and-Scripts/CalculateNetworkCost_JaltantraLauncher.sh'
$1      = '/home/shantanu/Pictures/Jaltantra_loop/JalTantra-Code-and-Scripts/./DataNetworkGraphInput_hashed/9d248e588037829765279f45e40a53ac4b698433a75dff02e263b3be0c5e5f26.R'
$2      = '00:05:00'
python  = ''
python3 = '/usr/bin/python3'
/home/shantanu/Pictures/Jaltantra_loop/JalTantra-Code-and-Scripts
.
/home/shantanu/Pictures/Jaltantra_loop/JalTantra-Code-and-Scripts

date    = 'Wed Mar 13 06:01:35 PM IST 2024'
whoami  = 'shantanu'
pwd     = '/home/shantanu/Pictures/Jaltantra_loop/JalTantra-Code-and-Scripts'
$0      = '/home/shantanu/Pictures/Jaltantra_loop/JalTantra-Code-and-Scripts/CalculateNetworkCost_JaltantraLauncher.sh'
$1      = '/home/shantanu/Pictures/Jaltantra_loop/JalTantra-Code-and-Scripts/./DataNetworkGraphInput_hashed/67e32a84e072b27c93808adb5d742e119f7ed1b34c9133dc4d72bee3983f70de.R'
$2      = '00:01:00'
python  = ''
python3 = '/usr/bin/python3'
/home/shantanu/Pictures/Jaltantra_loop/JalTantra-Code-and-Scripts
.
/home/shantanu/Pictures/Jaltantra_loop/JalTantra-Code-and-Scripts

date    = 'Wed Mar 13 06:10:24 PM IST 2024'
whoami  = 'shantanu'
pwd     = '/home/shantanu/Pictures/Jaltantra_loop/JalTantra-Code-and-Scripts'
$0      = '/home/shantanu/Pictures/Jaltantra_loop/JalTantra-Code-and-Scripts/CalculateNetworkCost_JaltantraLauncher.sh'
$1      = '/home/shantanu/Pictures/Jaltantra_loop/JalTantra-Code-and-Scripts/./DataNetworkGraphInput_hashed/9d248e588037829765279f45e40a53ac4b698433a75dff02e263b3be0c5e5f26.R'
$2      = '00:01:00'
python  = ''
python3 = '/usr/bin/python3'
/home/shantanu/Pictures/Jaltantra_loop/JalTantra-Code-and-Scripts
.
/home/shantanu/Pictures/Jaltantra_loop/JalTantra-Code-and-Scripts

date    = 'Wed Mar 13 06:18:29 PM IST 2024'
whoami  = 'shantanu'
pwd     = '/home/shantanu/Pictures/Jaltantra_loop/JalTantra-Code-and-Scripts'
$0      = '/home/shantanu/Pictures/Jaltantra_loop/JalTantra-Code-and-Scripts/CalculateNetworkCost_JaltantraLauncher.sh'
$1      = '/home/shantanu/Pictures/Jaltantra_loop/JalTantra-Code-and-Scripts/./DataNetworkGraphInput_hashed/9d248e588037829765279f45e40a53ac4b698433a75dff02e263b3be0c5e5f26.R'
$2      = '00:01:00'
python  = ''
python3 = '/usr/bin/python3'
/home/shantanu/Pictures/Jaltantra_loop/JalTantra-Code-and-Scripts
.
/home/shantanu/Pictures/Jaltantra_loop/JalTantra-Code-and-Scripts

date    = 'Wed Mar 13 06:22:07 PM IST 2024'
whoami  = 'shantanu'
pwd     = '/home/shantanu/Pictures/Jaltantra_loop/JalTantra-Code-and-Scripts'
$0      = '/home/shantanu/Pictures/Jaltantra_loop/JalTantra-Code-and-Scripts/CalculateNetworkCost_JaltantraLauncher.sh'
$1      = '/home/shantanu/Pictures/Jaltantra_loop/JalTantra-Code-and-Scripts/./DataNetworkGraphInput_hashed/9d248e588037829765279f45e40a53ac4b698433a75dff02e263b3be0c5e5f26.R'
$2      = '00:01:00'
python  = ''
python3 = '/usr/bin/python3'
/home/shantanu/Pictures/Jaltantra_loop/JalTantra-Code-and-Scripts
.
/home/shantanu/Pictures/Jaltantra_loop/JalTantra-Code-and-Scripts

date    = 'Wed Mar 13 06:28:04 PM IST 2024'
whoami  = 'shantanu'
pwd     = '/home/shantanu/Pictures/Jaltantra_loop/JalTantra-Code-and-Scripts'
$0      = './CalculateNetworkCost_JaltantraLauncher.sh'
$1      = 'DataNetworkGraphInput_hashed/9d248e588037829765279f45e40a53ac4b698433a75dff02e263b3be0c5e5f26.R'
$2      = '0:1:0'
python  = '/home/shantanu/miniconda3/bin/python'
python3 = '/home/shantanu/miniconda3/bin/python3'
.
.
.

date    = 'Thu Mar 14 10:26:32 AM IST 2024'
whoami  = 'shantanu'
pwd     = '/home/shantanu/Pictures/Jaltantra_loop/JalTantra-Code-and-Scripts'
$0      = './CalculateNetworkCost_JaltantraLauncher.sh'
$1      = 'DataNetworkGraphInput_hashed/9d248e588037829765279f45e40a53ac4b698433a75dff02e263b3be0c5e5f26.R'
$2      = '0:1:0'
python  = '/home/shantanu/miniconda3/bin/python'
python3 = '/home/shantanu/miniconda3/bin/python3'
.
.
.

date    = 'Thu Mar 14 10:30:54 AM IST 2024'
whoami  = 'shantanu'
pwd     = '/home/shantanu/Pictures/Jaltantra_loop/JalTantra-Code-and-Scripts'
$0      = './CalculateNetworkCost_JaltantraLauncher.sh'
$1      = 'DataNetworkGraphInput_hashed/9d248e588037829765279f45e40a53ac4b698433a75dff02e263b3be0c5e5f26.R'
$2      = '0:1:0'
python  = '/home/shantanu/miniconda3/bin/python'
python3 = '/home/shantanu/miniconda3/bin/python3'
.
.
.

date    = 'Thu Mar 14 10:37:50 AM IST 2024'
whoami  = 'shantanu'
pwd     = '/home/shantanu/Pictures/Jaltantra_loop/JalTantra-Code-and-Scripts'
$0      = './CalculateNetworkCost_JaltantraLauncher.sh'
$1      = 'DataNetworkGraphInput_hashed/9d248e588037829765279f45e40a53ac4b698433a75dff02e263b3be0c5e5f26.R'
$2      = '0:1:0'
python  = '/home/shantanu/miniconda3/bin/python'
python3 = '/home/shantanu/miniconda3/bin/python3'
.
.
.

date    = 'Thu Mar 14 10:54:56 AM IST 2024'
whoami  = 'shantanu'
pwd     = '/home/shantanu/Pictures/Jaltantra_loop/JalTantra-Code-and-Scripts'
$0      = '/home/shantanu/Pictures/Jaltantra_loop/JalTantra-Code-and-Scripts/CalculateNetworkCost_JaltantraLauncher.sh'
$1      = '/home/shantanu/Pictures/Jaltantra_loop/JalTantra-Code-and-Scripts/./DataNetworkGraphInput_hashed/9d248e588037829765279f45e40a53ac4b698433a75dff02e263b3be0c5e5f26.R'
$2      = '00:01:00'
python  = ''
python3 = '/usr/bin/python3'
/home/shantanu/Pictures/Jaltantra_loop/JalTantra-Code-and-Scripts
.
/home/shantanu/Pictures/Jaltantra_loop/JalTantra-Code-and-Scripts

date    = 'Thu Mar 14 11:01:20 AM IST 2024'
whoami  = 'shantanu'
pwd     = '/home/shantanu/Pictures/Jaltantra_loop/JalTantra-Code-and-Scripts'
$0      = '/home/shantanu/Pictures/Jaltantra_loop/JalTantra-Code-and-Scripts/CalculateNetworkCost_JaltantraLauncher.sh'
$1      = '/home/shantanu/Pictures/Jaltantra_loop/JalTantra-Code-and-Scripts/./DataNetworkGraphInput_hashed/9d248e588037829765279f45e40a53ac4b698433a75dff02e263b3be0c5e5f26.R'
$2      = '00:01:00'
python  = ''
python3 = '/usr/bin/python3'
/home/shantanu/Pictures/Jaltantra_loop/JalTantra-Code-and-Scripts
.
/home/shantanu/Pictures/Jaltantra_loop/JalTantra-Code-and-Scripts

date    = 'Thu Mar 14 11:03:27 AM IST 2024'
whoami  = 'shantanu'
pwd     = '/home/shantanu/Pictures/Jaltantra_loop/JalTantra-Code-and-Scripts'
$0      = '/home/shantanu/Pictures/Jaltantra_loop/JalTantra-Code-and-Scripts/CalculateNetworkCost_JaltantraLauncher.sh'
$1      = '/home/shantanu/Pictures/Jaltantra_loop/JalTantra-Code-and-Scripts/./DataNetworkGraphInput_hashed/9d248e588037829765279f45e40a53ac4b698433a75dff02e263b3be0c5e5f26.R'
$2      = '00:01:00'
python  = ''
python3 = '/usr/bin/python3'
/home/shantanu/Pictures/Jaltantra_loop/JalTantra-Code-and-Scripts
.
/home/shantanu/Pictures/Jaltantra_loop/JalTantra-Code-and-Scripts

date    = 'Fri Mar 15 02:40:27 PM IST 2024'
whoami  = 'shantanu'
pwd     = '/home/shantanu/Pictures/Jaltantra_loop/JalTantra-Code-and-Scripts'
$0      = './CalculateNetworkCost_JaltantraLauncher.sh'
$1      = 'DataNetworkGraphInput_hashed/9d248e588037829765279f45e40a53ac4b698433a75dff02e263b3be0c5e5f26.R'
$2      = '0:1:0'
python  = '/home/shantanu/miniconda3/bin/python'
python3 = '/home/shantanu/miniconda3/bin/python3'
.
.
.
ERROR: either file does not exist or it is not a file: 'DataNetworkGraphInput_hashed/9d248e588037829765279f45e40a53ac4b698433a75dff02e263b3be0c5e5f26.R'

date    = 'Fri Mar 15 02:40:57 PM IST 2024'
whoami  = 'shantanu'
pwd     = '/home/shantanu/Pictures/Jaltantra_loop/JalTantra-Code-and-Scripts'
$0      = './CalculateNetworkCost_JaltantraLauncher.sh'
$1      = 'DataNetworkGraphInput_hashed/9d248e588037829765279f45e40a53ac4b698433a75dff02e263b3be0c5e5f26.R'
$2      = '0:1:0'
python  = '/home/shantanu/miniconda3/bin/python'
python3 = '/home/shantanu/miniconda3/bin/python3'
.
.
.

date    = 'Fri Mar 15 03:32:53 PM IST 2024'
whoami  = 'shantanu'
pwd     = '/home/shantanu/Pictures/Jaltantra_loop/JalTantra-Code-and-Scripts'
$0      = './CalculateNetworkCost_JaltantraLauncher.sh'
$1      = 'DataNetworkGraphInput_hashed/9d248e588037829765279f45e40a53ac4b698433a75dff02e263b3be0c5e5f26.R'
$2      = '0:1:0'
python  = '/home/shantanu/miniconda3/bin/python'
python3 = '/home/shantanu/miniconda3/bin/python3'
.
.
.

date    = 'Fri Mar 15 03:33:26 PM IST 2024'
whoami  = 'shantanu'
pwd     = '/home/shantanu/Pictures/Jaltantra_loop/JalTantra-Code-and-Scripts'
$0      = '/home/shantanu/Pictures/Jaltantra_loop/JalTantra-Code-and-Scripts/CalculateNetworkCost_JaltantraLauncher.sh'
$1      = '/home/shantanu/Pictures/Jaltantra_loop/JalTantra-Code-and-Scripts/./DataNetworkGraphInput_hashed/9d248e588037829765279f45e40a53ac4b698433a75dff02e263b3be0c5e5f26.R'
$2      = '00:01:00'
python  = ''
python3 = '/usr/bin/python3'
/home/shantanu/Pictures/Jaltantra_loop/JalTantra-Code-and-Scripts
.
/home/shantanu/Pictures/Jaltantra_loop/JalTantra-Code-and-Scripts

date    = 'Tue Mar 19 10:04:58 AM IST 2024'
whoami  = 'shantanu'
pwd     = '/home/shantanu/Pictures/Jaltantra_loop/JalTantra-Code-and-Scripts'
$0      = '/home/shantanu/Pictures/Jaltantra_loop/JalTantra-Code-and-Scripts/CalculateNetworkCost_JaltantraLauncher.sh'
$1      = '/home/shantanu/Pictures/Jaltantra_loop/JalTantra-Code-and-Scripts/./DataNetworkGraphInput_hashed/9d248e588037829765279f45e40a53ac4b698433a75dff02e263b3be0c5e5f26.R'
$2      = '00:05:00'
python  = ''
python3 = '/usr/bin/python3'
/home/shantanu/Pictures/Jaltantra_loop/JalTantra-Code-and-Scripts
.
/home/shantanu/Pictures/Jaltantra_loop/JalTantra-Code-and-Scripts

date    = 'Tue Mar 19 10:50:58 AM IST 2024'
whoami  = 'shantanu'
pwd     = '/home/shantanu/Pictures/Jaltantra_loop/JalTantra-Code-and-Scripts'
$0      = '/home/shantanu/Pictures/Jaltantra_loop/JalTantra-Code-and-Scripts/CalculateNetworkCost_JaltantraLauncher.sh'
$1      = '/home/shantanu/Pictures/Jaltantra_loop/JalTantra-Code-and-Scripts/./DataNetworkGraphInput_hashed/9d248e588037829765279f45e40a53ac4b698433a75dff02e263b3be0c5e5f26.R'
$2      = '00:01:00'
python  = ''
python3 = '/usr/bin/python3'
/home/shantanu/Pictures/Jaltantra_loop/JalTantra-Code-and-Scripts
.
/home/shantanu/Pictures/Jaltantra_loop/JalTantra-Code-and-Scripts

date    = 'Tue Mar 19 11:00:19 AM IST 2024'
whoami  = 'shantanu'
pwd     = '/home/shantanu/Pictures/Jaltantra_loop/JalTantra-Code-and-Scripts'
$0      = '/home/shantanu/Pictures/Jaltantra_loop/JalTantra-Code-and-Scripts/CalculateNetworkCost_JaltantraLauncher.sh'
$1      = '/home/shantanu/Pictures/Jaltantra_loop/JalTantra-Code-and-Scripts/./DataNetworkGraphInput_hashed/9d248e588037829765279f45e40a53ac4b698433a75dff02e263b3be0c5e5f26.R'
$2      = '00:01:00'
python  = ''
python3 = '/usr/bin/python3'
/home/shantanu/Pictures/Jaltantra_loop/JalTantra-Code-and-Scripts
.
/home/shantanu/Pictures/Jaltantra_loop/JalTantra-Code-and-Scripts

date    = 'Tue Mar 19 09:14:37 PM IST 2024'
whoami  = 'shantanu'
pwd     = '/home/shantanu/Pictures/Jaltantra_loop/JalTantra-Code-and-Scripts'
$0      = '/home/shantanu/Pictures/Jaltantra_loop/JalTantra-Code-and-Scripts/CalculateNetworkCost_JaltantraLauncher.sh'
$1      = '/home/shantanu/Pictures/Jaltantra_loop/JalTantra-Code-and-Scripts/./DataNetworkGraphInput_hashed/8c4e2a81470383bba82a1fd81c1e2a95e1b7aa1cf7a3140993612dd1dbda00e9.R'
$2      = '00:01:00'
python  = ''
python3 = '/usr/bin/python3'
/home/shantanu/Pictures/Jaltantra_loop/JalTantra-Code-and-Scripts
.
/home/shantanu/Pictures/Jaltantra_loop/JalTantra-Code-and-Scripts

date    = 'Tue Mar 19 09:19:16 PM IST 2024'
whoami  = 'shantanu'
pwd     = '/home/shantanu/Pictures/Jaltantra_loop/JalTantra-Code-and-Scripts'
$0      = '/home/shantanu/Pictures/Jaltantra_loop/JalTantra-Code-and-Scripts/CalculateNetworkCost_JaltantraLauncher.sh'
$1      = '/home/shantanu/Pictures/Jaltantra_loop/JalTantra-Code-and-Scripts/./DataNetworkGraphInput_hashed/8c4e2a81470383bba82a1fd81c1e2a95e1b7aa1cf7a3140993612dd1dbda00e9.R'
$2      = '00:01:00'
python  = ''
python3 = '/usr/bin/python3'
/home/shantanu/Pictures/Jaltantra_loop/JalTantra-Code-and-Scripts
.
/home/shantanu/Pictures/Jaltantra_loop/JalTantra-Code-and-Scripts

date    = 'Tue Mar 19 09:22:36 PM IST 2024'
whoami  = 'shantanu'
pwd     = '/home/shantanu/Pictures/Jaltantra_loop/JalTantra-Code-and-Scripts'
$0      = '/home/shantanu/Pictures/Jaltantra_loop/JalTantra-Code-and-Scripts/CalculateNetworkCost_JaltantraLauncher.sh'
$1      = '/home/shantanu/Pictures/Jaltantra_loop/JalTantra-Code-and-Scripts/./DataNetworkGraphInput_hashed/8c4e2a81470383bba82a1fd81c1e2a95e1b7aa1cf7a3140993612dd1dbda00e9.R'
$2      = '00:01:00'
python  = ''
python3 = '/usr/bin/python3'
/home/shantanu/Pictures/Jaltantra_loop/JalTantra-Code-and-Scripts
.
/home/shantanu/Pictures/Jaltantra_loop/JalTantra-Code-and-Scripts

date    = 'Tue Mar 19 09:27:16 PM IST 2024'
whoami  = 'shantanu'
pwd     = '/home/shantanu/Pictures/Jaltantra_loop/JalTantra-Code-and-Scripts'
$0      = '/home/shantanu/Pictures/Jaltantra_loop/JalTantra-Code-and-Scripts/CalculateNetworkCost_JaltantraLauncher.sh'
$1      = '/home/shantanu/Pictures/Jaltantra_loop/JalTantra-Code-and-Scripts/./DataNetworkGraphInput_hashed/9d248e588037829765279f45e40a53ac4b698433a75dff02e263b3be0c5e5f26.R'
$2      = '00:01:00'
python  = ''
python3 = '/usr/bin/python3'
/home/shantanu/Pictures/Jaltantra_loop/JalTantra-Code-and-Scripts
.
/home/shantanu/Pictures/Jaltantra_loop/JalTantra-Code-and-Scripts

date    = 'Tue Mar 19 09:51:06 PM IST 2024'
whoami  = 'shantanu'
pwd     = '/home/shantanu/Pictures/Jaltantra_loop/JalTantra-Code-and-Scripts'
$0      = '/home/shantanu/Pictures/Jaltantra_loop/JalTantra-Code-and-Scripts/CalculateNetworkCost_JaltantraLauncher.sh'
$1      = '/home/shantanu/Pictures/Jaltantra_loop/JalTantra-Code-and-Scripts/./DataNetworkGraphInput_hashed/9d248e588037829765279f45e40a53ac4b698433a75dff02e263b3be0c5e5f26.R'
$2      = '00:01:00'
python  = ''
python3 = '/usr/bin/python3'
/home/shantanu/Pictures/Jaltantra_loop/JalTantra-Code-and-Scripts
.
/home/shantanu/Pictures/Jaltantra_loop/JalTantra-Code-and-Scripts

date    = 'Tue Mar 19 09:54:35 PM IST 2024'
whoami  = 'shantanu'
pwd     = '/home/shantanu/Pictures/Jaltantra_loop/JalTantra-Code-and-Scripts'
$0      = '/home/shantanu/Pictures/Jaltantra_loop/JalTantra-Code-and-Scripts/CalculateNetworkCost_JaltantraLauncher.sh'
$1      = '/home/shantanu/Pictures/Jaltantra_loop/JalTantra-Code-and-Scripts/./DataNetworkGraphInput_hashed/9d248e588037829765279f45e40a53ac4b698433a75dff02e263b3be0c5e5f26.R'
$2      = '01:00:00'
python  = ''
python3 = '/usr/bin/python3'
/home/shantanu/Pictures/Jaltantra_loop/JalTantra-Code-and-Scripts
.
/home/shantanu/Pictures/Jaltantra_loop/JalTantra-Code-and-Scripts

date    = 'Tue Mar 19 09:54:58 PM IST 2024'
whoami  = 'shantanu'
pwd     = '/home/shantanu/Pictures/Jaltantra_loop/JalTantra-Code-and-Scripts'
$0      = '/home/shantanu/Pictures/Jaltantra_loop/JalTantra-Code-and-Scripts/CalculateNetworkCost_JaltantraLauncher.sh'
$1      = '/home/shantanu/Pictures/Jaltantra_loop/JalTantra-Code-and-Scripts/./DataNetworkGraphInput_hashed/9d248e588037829765279f45e40a53ac4b698433a75dff02e263b3be0c5e5f26.R'
$2      = '00:01:00'
python  = ''
python3 = '/usr/bin/python3'
/home/shantanu/Pictures/Jaltantra_loop/JalTantra-Code-and-Scripts
.
/home/shantanu/Pictures/Jaltantra_loop/JalTantra-Code-and-Scripts

date    = 'Wed Mar 20 05:51:37 PM IST 2024'
whoami  = 'shantanu'
pwd     = '/home/shantanu/Pictures/Jaltantra_loop/JalTantra-Code-and-Scripts'
$0      = '/home/shantanu/Pictures/Jaltantra_loop/JalTantra-Code-and-Scripts/CalculateNetworkCost_JaltantraLauncher.sh'
$1      = '/home/shantanu/Pictures/Jaltantra_loop/JalTantra-Code-and-Scripts/./DataNetworkGraphInput_hashed/8c4e2a81470383bba82a1fd81c1e2a95e1b7aa1cf7a3140993612dd1dbda00e9.R'
$2      = '00:01:00'
python  = ''
python3 = '/usr/bin/python3'
/home/shantanu/Pictures/Jaltantra_loop/JalTantra-Code-and-Scripts
.
/home/shantanu/Pictures/Jaltantra_loop/JalTantra-Code-and-Scripts

date    = 'Mon Apr 15 09:39:57 PM IST 2024'
whoami  = 'shantanu'
pwd     = '/home/shantanu/Pictures/Jaltantra_loop/JalTantra-Code-and-Scripts'
$0      = '/home/shantanu/Pictures/Jaltantra_loop/JalTantra-Code-and-Scripts/CalculateNetworkCost_JaltantraLauncher.sh'
$1      = '/home/shantanu/Pictures/Jaltantra_loop/JalTantra-Code-and-Scripts/./DataNetworkGraphInput_hashed/42c037a1365aa8d196d3c45268d5106d54718ac06387fd38209554b7c3f3bf11.R'
$2      = '00:01:00'
python  = ''
python3 = '/usr/bin/python3'
/home/shantanu/Pictures/Jaltantra_loop/JalTantra-Code-and-Scripts
.
/home/shantanu/Pictures/Jaltantra_loop/JalTantra-Code-and-Scripts

date    = 'Tue Apr 16 11:03:25 AM IST 2024'
whoami  = 'shantanu'
pwd     = '/home/shantanu/Pictures/Jaltantra_loop/JalTantra-Code-and-Scripts'
$0      = '/home/shantanu/Pictures/Jaltantra_loop/JalTantra-Code-and-Scripts/CalculateNetworkCost_JaltantraLauncher.sh'
$1      = '/home/shantanu/Pictures/Jaltantra_loop/JalTantra-Code-and-Scripts/./DataNetworkGraphInput_hashed/62df2cf87335f58f471f990a43713716d006f1077bf9f404be901290ee4c8930.R'
$2      = '00:01:00'
python  = ''
python3 = '/usr/bin/python3'
/home/shantanu/Pictures/Jaltantra_loop/JalTantra-Code-and-Scripts
.
/home/shantanu/Pictures/Jaltantra_loop/JalTantra-Code-and-Scripts

date    = 'Tue Apr 16 11:06:29 AM IST 2024'
whoami  = 'shantanu'
pwd     = '/home/shantanu/Pictures/Jaltantra_loop/JalTantra-Code-and-Scripts'
$0      = '/home/shantanu/Pictures/Jaltantra_loop/JalTantra-Code-and-Scripts/CalculateNetworkCost_JaltantraLauncher.sh'
$1      = '/home/shantanu/Pictures/Jaltantra_loop/JalTantra-Code-and-Scripts/./DataNetworkGraphInput_hashed/133fd1b282ba281f5917b16df154529cc893ef5ecddafd227d4985b0fe375199.R'
$2      = '00:01:00'
python  = ''
python3 = '/usr/bin/python3'
/home/shantanu/Pictures/Jaltantra_loop/JalTantra-Code-and-Scripts
.
/home/shantanu/Pictures/Jaltantra_loop/JalTantra-Code-and-Scripts

date    = 'Tue Apr 16 11:09:02 AM IST 2024'
whoami  = 'shantanu'
pwd     = '/home/shantanu/Pictures/Jaltantra_loop/JalTantra-Code-and-Scripts'
$0      = '/home/shantanu/Pictures/Jaltantra_loop/JalTantra-Code-and-Scripts/CalculateNetworkCost_JaltantraLauncher.sh'
$1      = '/home/shantanu/Pictures/Jaltantra_loop/JalTantra-Code-and-Scripts/./DataNetworkGraphInput_hashed/be7f424f14f56a087977937698e0a6b5c1862d0fec481cb7b9592826e80e1499.R'
$2      = '00:01:00'
python  = ''
python3 = '/usr/bin/python3'
/home/shantanu/Pictures/Jaltantra_loop/JalTantra-Code-and-Scripts
.
/home/shantanu/Pictures/Jaltantra_loop/JalTantra-Code-and-Scripts

date    = 'Tue Apr 16 11:16:04 AM IST 2024'
whoami  = 'shantanu'
pwd     = '/home/shantanu/Pictures/Jaltantra_loop/JalTantra-Code-and-Scripts'
$0      = '/home/shantanu/Pictures/Jaltantra_loop/JalTantra-Code-and-Scripts/CalculateNetworkCost_JaltantraLauncher.sh'
$1      = '/home/shantanu/Pictures/Jaltantra_loop/JalTantra-Code-and-Scripts/./DataNetworkGraphInput_hashed/dd0fafa95f48a6e7f683e58b06e3839a33950fc7b9a1705add47018585b44b4e.R'
$2      = '00:01:00'
python  = ''
python3 = '/usr/bin/python3'
/home/shantanu/Pictures/Jaltantra_loop/JalTantra-Code-and-Scripts
.
/home/shantanu/Pictures/Jaltantra_loop/JalTantra-Code-and-Scripts

date    = 'Tue Apr 16 11:25:24 AM IST 2024'
whoami  = 'shantanu'
pwd     = '/home/shantanu/Pictures/Jaltantra_loop/JalTantra-Code-and-Scripts'
$0      = '/home/shantanu/Pictures/Jaltantra_loop/JalTantra-Code-and-Scripts/CalculateNetworkCost_JaltantraLauncher.sh'
$1      = '/home/shantanu/Pictures/Jaltantra_loop/JalTantra-Code-and-Scripts/./DataNetworkGraphInput_hashed/a21b140a47f46f7804b08a923cd6a2fc688a68cc84bf02a46a71d9ed2fccea8e.R'
$2      = '00:01:00'
python  = ''
python3 = '/usr/bin/python3'
/home/shantanu/Pictures/Jaltantra_loop/JalTantra-Code-and-Scripts
.
/home/shantanu/Pictures/Jaltantra_loop/JalTantra-Code-and-Scripts

date    = 'Tue Apr 16 11:29:30 AM IST 2024'
whoami  = 'shantanu'
pwd     = '/home/shantanu/Pictures/Jaltantra_loop/JalTantra-Code-and-Scripts'
$0      = '/home/shantanu/Pictures/Jaltantra_loop/JalTantra-Code-and-Scripts/CalculateNetworkCost_JaltantraLauncher.sh'
$1      = '/home/shantanu/Pictures/Jaltantra_loop/JalTantra-Code-and-Scripts/./DataNetworkGraphInput_hashed/c1cf807a7495dbb4661c6da525660a3164a9b422b1eeb3ef36af491fc306bb7d.R'
$2      = '00:01:00'
python  = ''
python3 = '/usr/bin/python3'
/home/shantanu/Pictures/Jaltantra_loop/JalTantra-Code-and-Scripts
.
/home/shantanu/Pictures/Jaltantra_loop/JalTantra-Code-and-Scripts

date    = 'Tue Apr 16 11:37:59 AM IST 2024'
whoami  = 'shantanu'
pwd     = '/home/shantanu/Pictures/Jaltantra_loop/JalTantra-Code-and-Scripts'
$0      = '/home/shantanu/Pictures/Jaltantra_loop/JalTantra-Code-and-Scripts/CalculateNetworkCost_JaltantraLauncher.sh'
$1      = '/home/shantanu/Pictures/Jaltantra_loop/JalTantra-Code-and-Scripts/./DataNetworkGraphInput_hashed/a21b140a47f46f7804b08a923cd6a2fc688a68cc84bf02a46a71d9ed2fccea8e.R'
$2      = '00:05:00'
python  = ''
python3 = '/usr/bin/python3'
/home/shantanu/Pictures/Jaltantra_loop/JalTantra-Code-and-Scripts
.
/home/shantanu/Pictures/Jaltantra_loop/JalTantra-Code-and-Scripts

date    = 'Wed Apr 17 02:56:08 PM IST 2024'
whoami  = 'shantanu'
pwd     = '/home/shantanu/Pictures/Jaltantra_loop/JalTantra-Code-and-Scripts'
$0      = '/home/shantanu/Pictures/Jaltantra_loop/JalTantra-Code-and-Scripts/CalculateNetworkCost_JaltantraLauncher.sh'
$1      = '/home/shantanu/Pictures/Jaltantra_loop/JalTantra-Code-and-Scripts/./DataNetworkGraphInput_hashed/45f02899412db6c11bdb552db3854c88f6a48d0dc5979054701982fed592a55b.R'
$2      = '00:01:00'
python  = ''
python3 = '/usr/bin/python3'
/home/shantanu/Pictures/Jaltantra_loop/JalTantra-Code-and-Scripts
.
/home/shantanu/Pictures/Jaltantra_loop/JalTantra-Code-and-Scripts

date    = 'Wed Apr 17 02:57:58 PM IST 2024'
whoami  = 'shantanu'
pwd     = '/home/shantanu/Pictures/Jaltantra_loop/JalTantra-Code-and-Scripts'
$0      = '/home/shantanu/Pictures/Jaltantra_loop/JalTantra-Code-and-Scripts/CalculateNetworkCost_JaltantraLauncher.sh'
$1      = '/home/shantanu/Pictures/Jaltantra_loop/JalTantra-Code-and-Scripts/./DataNetworkGraphInput_hashed/6f7c017b18c9ebee8bda0a598731c5d7d7a33f713992bf3e2001a89920d49fe4.R'
$2      = '00:01:00'
python  = ''
python3 = '/usr/bin/python3'
/home/shantanu/Pictures/Jaltantra_loop/JalTantra-Code-and-Scripts
.
/home/shantanu/Pictures/Jaltantra_loop/JalTantra-Code-and-Scripts

date    = 'Wed Apr 17 03:00:36 PM IST 2024'
whoami  = 'shantanu'
pwd     = '/home/shantanu/Pictures/Jaltantra_loop/JalTantra-Code-and-Scripts'
$0      = '/home/shantanu/Pictures/Jaltantra_loop/JalTantra-Code-and-Scripts/CalculateNetworkCost_JaltantraLauncher.sh'
$1      = '/home/shantanu/Pictures/Jaltantra_loop/JalTantra-Code-and-Scripts/./DataNetworkGraphInput_hashed/6f7c017b18c9ebee8bda0a598731c5d7d7a33f713992bf3e2001a89920d49fe4.R'
$2      = '00:01:00'
python  = ''
python3 = '/usr/bin/python3'
/home/shantanu/Pictures/Jaltantra_loop/JalTantra-Code-and-Scripts
.
/home/shantanu/Pictures/Jaltantra_loop/JalTantra-Code-and-Scripts

date    = 'Wed Apr 17 03:13:36 PM IST 2024'
whoami  = 'shantanu'
pwd     = '/home/shantanu/Pictures/Jaltantra_loop/JalTantra-Code-and-Scripts'
$0      = '/home/shantanu/Pictures/Jaltantra_loop/JalTantra-Code-and-Scripts/CalculateNetworkCost_JaltantraLauncher.sh'
$1      = '/home/shantanu/Pictures/Jaltantra_loop/JalTantra-Code-and-Scripts/./DataNetworkGraphInput_hashed/eda0a6c22cc7e6c9f00cd783bfc9b263ceb170c23eaa4b7f2b6cd69a0f3959ce.R'
$2      = '00:01:00'
python  = ''
python3 = '/usr/bin/python3'
/home/shantanu/Pictures/Jaltantra_loop/JalTantra-Code-and-Scripts
.
/home/shantanu/Pictures/Jaltantra_loop/JalTantra-Code-and-Scripts

date    = 'Wed Apr 17 03:35:18 PM IST 2024'
whoami  = 'shantanu'
pwd     = '/home/shantanu/Pictures/Jaltantra_loop/JalTantra-Code-and-Scripts'
$0      = '/home/shantanu/Pictures/Jaltantra_loop/JalTantra-Code-and-Scripts/CalculateNetworkCost_JaltantraLauncher.sh'
$1      = '/home/shantanu/Pictures/Jaltantra_loop/JalTantra-Code-and-Scripts/./DataNetworkGraphInput_hashed/5546728055aaaf23ebab3ef8a7f2301a69ba2593c68d85085cd1ddac98db6a7c.R'
$2      = '00:01:00'
python  = ''
python3 = '/usr/bin/python3'
/home/shantanu/Pictures/Jaltantra_loop/JalTantra-Code-and-Scripts
.
/home/shantanu/Pictures/Jaltantra_loop/JalTantra-Code-and-Scripts

date    = 'Wed Apr 17 03:37:44 PM IST 2024'
whoami  = 'shantanu'
pwd     = '/home/shantanu/Pictures/Jaltantra_loop/JalTantra-Code-and-Scripts'
$0      = '/home/shantanu/Pictures/Jaltantra_loop/JalTantra-Code-and-Scripts/CalculateNetworkCost_JaltantraLauncher.sh'
$1      = '/home/shantanu/Pictures/Jaltantra_loop/JalTantra-Code-and-Scripts/./DataNetworkGraphInput_hashed/2aae95142763bb2b49048b40904e0f16652abae4f8d3e0380a1372ab744341b4.R'
$2      = '00:01:00'
python  = ''
python3 = '/usr/bin/python3'
/home/shantanu/Pictures/Jaltantra_loop/JalTantra-Code-and-Scripts
.
/home/shantanu/Pictures/Jaltantra_loop/JalTantra-Code-and-Scripts

date    = 'Thu Apr 18 01:19:22 PM IST 2024'
whoami  = 'shantanu'
pwd     = '/home/shantanu/Pictures/Jaltantra_loop/JalTantra-Code-and-Scripts'
$0      = '/home/shantanu/Pictures/Jaltantra_loop/JalTantra-Code-and-Scripts/CalculateNetworkCost_JaltantraLauncher.sh'
$1      = '/home/shantanu/Pictures/Jaltantra_loop/JalTantra-Code-and-Scripts/./DataNetworkGraphInput_hashed/b3113500b2f175ef9dbfb2848a0cd8d8d69b8b64e811cc9462f19e4f03018f14.R'
$2      = '00:01:00'
python  = ''
python3 = '/usr/bin/python3'
/home/shantanu/Pictures/Jaltantra_loop/JalTantra-Code-and-Scripts
.
/home/shantanu/Pictures/Jaltantra_loop/JalTantra-Code-and-Scripts

date    = 'Thu Apr 18 01:23:47 PM IST 2024'
whoami  = 'shantanu'
pwd     = '/home/shantanu/Pictures/Jaltantra_loop/JalTantra-Code-and-Scripts'
$0      = '/home/shantanu/Pictures/Jaltantra_loop/JalTantra-Code-and-Scripts/CalculateNetworkCost_JaltantraLauncher.sh'
$1      = '/home/shantanu/Pictures/Jaltantra_loop/JalTantra-Code-and-Scripts/./DataNetworkGraphInput_hashed/f6b2263d3560acab7435782b94865c8f204496f37861c080542e3e5f42709fd1.R'
$2      = '00:01:00'
python  = ''
python3 = '/usr/bin/python3'
/home/shantanu/Pictures/Jaltantra_loop/JalTantra-Code-and-Scripts
.
/home/shantanu/Pictures/Jaltantra_loop/JalTantra-Code-and-Scripts

date    = 'Thu Apr 18 06:46:53 PM IST 2024'
whoami  = 'shantanu'
pwd     = '/home/shantanu/Pictures/Jaltantra_loop/JalTantra-Code-and-Scripts'
$0      = '/home/shantanu/Pictures/Jaltantra_loop/JalTantra-Code-and-Scripts/CalculateNetworkCost_JaltantraLauncher.sh'
$1      = '/home/shantanu/Pictures/Jaltantra_loop/JalTantra-Code-and-Scripts/./DataNetworkGraphInput_hashed/9752cf9a554146025984cca32691170af87de29dd9cce173b598ccabbb8c754a.R'
$2      = '00:01:00'
python  = ''
python3 = '/usr/bin/python3'
/home/shantanu/Pictures/Jaltantra_loop/JalTantra-Code-and-Scripts
.
/home/shantanu/Pictures/Jaltantra_loop/JalTantra-Code-and-Scripts

date    = 'Thu Apr 18 07:12:35 PM IST 2024'
whoami  = 'shantanu'
pwd     = '/home/shantanu/Pictures/Jaltantra_loop/JalTantra-Code-and-Scripts'
$0      = '/home/shantanu/Pictures/Jaltantra_loop/JalTantra-Code-and-Scripts/CalculateNetworkCost_JaltantraLauncher.sh'
$1      = '/home/shantanu/Pictures/Jaltantra_loop/JalTantra-Code-and-Scripts/./DataNetworkGraphInput_hashed/ce5d0647a708cbd8507ce176703bc2fae7a177c03fd264a2e51db38d400c0664.R'
$2      = '00:01:00'
python  = ''
python3 = '/usr/bin/python3'
/home/shantanu/Pictures/Jaltantra_loop/JalTantra-Code-and-Scripts
.
/home/shantanu/Pictures/Jaltantra_loop/JalTantra-Code-and-Scripts

date    = 'Thu Apr 18 07:22:50 PM IST 2024'
whoami  = 'shantanu'
pwd     = '/home/shantanu/Pictures/Jaltantra_loop/JalTantra-Code-and-Scripts'
$0      = '/home/shantanu/Pictures/Jaltantra_loop/JalTantra-Code-and-Scripts/CalculateNetworkCost_JaltantraLauncher.sh'
$1      = '/home/shantanu/Pictures/Jaltantra_loop/JalTantra-Code-and-Scripts/./DataNetworkGraphInput_hashed/1edbc3cc989a905ffa5cb3843364039673d3a4b1fb81d31c66268d57694956a3.R'
$2      = '00:01:00'
python  = ''
python3 = '/usr/bin/python3'
/home/shantanu/Pictures/Jaltantra_loop/JalTantra-Code-and-Scripts
.
/home/shantanu/Pictures/Jaltantra_loop/JalTantra-Code-and-Scripts

date    = 'Thu Apr 18 07:28:17 PM IST 2024'
whoami  = 'shantanu'
pwd     = '/home/shantanu/Pictures/Jaltantra_loop/JalTantra-Code-and-Scripts'
$0      = '/home/shantanu/Pictures/Jaltantra_loop/JalTantra-Code-and-Scripts/CalculateNetworkCost_JaltantraLauncher.sh'
$1      = '/home/shantanu/Pictures/Jaltantra_loop/JalTantra-Code-and-Scripts/./DataNetworkGraphInput_hashed/a4ebaccde3acda55f544ec9d5779367205851e7bdcfc737b29347f1c0254dd74.R'
$2      = '00:01:00'
python  = ''
python3 = '/usr/bin/python3'
/home/shantanu/Pictures/Jaltantra_loop/JalTantra-Code-and-Scripts
.
/home/shantanu/Pictures/Jaltantra_loop/JalTantra-Code-and-Scripts

date    = 'Thu Apr 18 07:32:25 PM IST 2024'
whoami  = 'shantanu'
pwd     = '/home/shantanu/Pictures/Jaltantra_loop/JalTantra-Code-and-Scripts'
$0      = '/home/shantanu/Pictures/Jaltantra_loop/JalTantra-Code-and-Scripts/CalculateNetworkCost_JaltantraLauncher.sh'
$1      = '/home/shantanu/Pictures/Jaltantra_loop/JalTantra-Code-and-Scripts/./DataNetworkGraphInput_hashed/2bfdd48302a9537eb5fd0a8b4e0aa896f14496b93b0284da300f1e65b6d33e1c.R'
$2      = '00:01:00'
python  = ''
python3 = '/usr/bin/python3'
/home/shantanu/Pictures/Jaltantra_loop/JalTantra-Code-and-Scripts
.
/home/shantanu/Pictures/Jaltantra_loop/JalTantra-Code-and-Scripts

date    = 'Thu Apr 18 07:32:38 PM IST 2024'
whoami  = 'shantanu'
pwd     = '/home/shantanu/Pictures/Jaltantra_loop/JalTantra-Code-and-Scripts'
$0      = '/home/shantanu/Pictures/Jaltantra_loop/JalTantra-Code-and-Scripts/CalculateNetworkCost_JaltantraLauncher.sh'
$1      = '/home/shantanu/Pictures/Jaltantra_loop/JalTantra-Code-and-Scripts/./DataNetworkGraphInput_hashed/6003eca8e83396767d93c7a06ed0c2de4b5fdc714adaf6a619ceef43a319a827.R'
$2      = '00:01:00'
python  = ''
python3 = '/usr/bin/python3'
/home/shantanu/Pictures/Jaltantra_loop/JalTantra-Code-and-Scripts
.
/home/shantanu/Pictures/Jaltantra_loop/JalTantra-Code-and-Scripts

date    = 'Thu Apr 18 07:34:59 PM IST 2024'
whoami  = 'shantanu'
pwd     = '/home/shantanu/Pictures/Jaltantra_loop/JalTantra-Code-and-Scripts'
$0      = '/home/shantanu/Pictures/Jaltantra_loop/JalTantra-Code-and-Scripts/CalculateNetworkCost_JaltantraLauncher.sh'
$1      = '/home/shantanu/Pictures/Jaltantra_loop/JalTantra-Code-and-Scripts/./DataNetworkGraphInput_hashed/b088e3343d14276f0c907afa7fcfa8c5bf4b8a91377ffb00dfc15e9bee1ea415.R'
$2      = '00:01:00'
python  = ''
python3 = '/usr/bin/python3'
/home/shantanu/Pictures/Jaltantra_loop/JalTantra-Code-and-Scripts
.
/home/shantanu/Pictures/Jaltantra_loop/JalTantra-Code-and-Scripts

date    = 'Thu Apr 18 07:36:59 PM IST 2024'
whoami  = 'shantanu'
pwd     = '/home/shantanu/Pictures/Jaltantra_loop/JalTantra-Code-and-Scripts'
$0      = '/home/shantanu/Pictures/Jaltantra_loop/JalTantra-Code-and-Scripts/CalculateNetworkCost_JaltantraLauncher.sh'
$1      = '/home/shantanu/Pictures/Jaltantra_loop/JalTantra-Code-and-Scripts/./DataNetworkGraphInput_hashed/fa312af5b3ffebec9f9dc1371e8d85795088e1f3651f24a52f2934ff094b18d3.R'
$2      = '00:01:00'
python  = ''
python3 = '/usr/bin/python3'
/home/shantanu/Pictures/Jaltantra_loop/JalTantra-Code-and-Scripts
.
/home/shantanu/Pictures/Jaltantra_loop/JalTantra-Code-and-Scripts

date    = 'Thu Apr 18 09:31:36 PM IST 2024'
whoami  = 'shantanu'
pwd     = '/home/shantanu/Pictures/Jaltantra_loop/JalTantra-Code-and-Scripts'
$0      = '/home/shantanu/Pictures/Jaltantra_loop/JalTantra-Code-and-Scripts/CalculateNetworkCost_JaltantraLauncher.sh'
$1      = '/home/shantanu/Pictures/Jaltantra_loop/JalTantra-Code-and-Scripts/./DataNetworkGraphInput_hashed/832609d5387bd9fda4fb3e1cc676736a086c175eeb77120542af557b8e5916ea.R'
$2      = '00:01:00'
python  = ''
python3 = '/usr/bin/python3'
/home/shantanu/Pictures/Jaltantra_loop/JalTantra-Code-and-Scripts
.
/home/shantanu/Pictures/Jaltantra_loop/JalTantra-Code-and-Scripts

date    = 'Thu Apr 18 09:36:43 PM IST 2024'
whoami  = 'shantanu'
pwd     = '/home/shantanu/Pictures/Jaltantra_loop/JalTantra-Code-and-Scripts'
$0      = '/home/shantanu/Pictures/Jaltantra_loop/JalTantra-Code-and-Scripts/CalculateNetworkCost_JaltantraLauncher.sh'
$1      = '/home/shantanu/Pictures/Jaltantra_loop/JalTantra-Code-and-Scripts/./DataNetworkGraphInput_hashed/832609d5387bd9fda4fb3e1cc676736a086c175eeb77120542af557b8e5916ea.R'
$2      = '00:05:00'
python  = ''
python3 = '/usr/bin/python3'
/home/shantanu/Pictures/Jaltantra_loop/JalTantra-Code-and-Scripts
.
/home/shantanu/Pictures/Jaltantra_loop/JalTantra-Code-and-Scripts

date    = 'Thu Apr 18 09:46:28 PM IST 2024'
whoami  = 'shantanu'
pwd     = '/home/shantanu/Pictures/Jaltantra_loop/JalTantra-Code-and-Scripts'
$0      = '/home/shantanu/Pictures/Jaltantra_loop/JalTantra-Code-and-Scripts/CalculateNetworkCost_JaltantraLauncher.sh'
$1      = '/home/shantanu/Pictures/Jaltantra_loop/JalTantra-Code-and-Scripts/./DataNetworkGraphInput_hashed/21d4ac671a93055a3e485d9351973deca6ede25fd3e789c1a35ae1e5fc693d05.R'
$2      = '00:01:00'
python  = ''
python3 = '/usr/bin/python3'
/home/shantanu/Pictures/Jaltantra_loop/JalTantra-Code-and-Scripts
.
/home/shantanu/Pictures/Jaltantra_loop/JalTantra-Code-and-Scripts

date    = 'Thu Apr 18 09:48:09 PM IST 2024'
whoami  = 'shantanu'
pwd     = '/home/shantanu/Pictures/Jaltantra_loop/JalTantra-Code-and-Scripts'
$0      = '/home/shantanu/Pictures/Jaltantra_loop/JalTantra-Code-and-Scripts/CalculateNetworkCost_JaltantraLauncher.sh'
$1      = '/home/shantanu/Pictures/Jaltantra_loop/JalTantra-Code-and-Scripts/./DataNetworkGraphInput_hashed/3fb787c1b1bcd471f52ba2519d3acc0ebdd287ce9e4c8c956855e5bcef31967c.R'
$2      = '00:01:00'
python  = ''
python3 = '/usr/bin/python3'
/home/shantanu/Pictures/Jaltantra_loop/JalTantra-Code-and-Scripts
.
/home/shantanu/Pictures/Jaltantra_loop/JalTantra-Code-and-Scripts

date    = 'Thu Apr 18 09:50:15 PM IST 2024'
whoami  = 'shantanu'
pwd     = '/home/shantanu/Pictures/Jaltantra_loop/JalTantra-Code-and-Scripts'
$0      = '/home/shantanu/Pictures/Jaltantra_loop/JalTantra-Code-and-Scripts/CalculateNetworkCost_JaltantraLauncher.sh'
$1      = '/home/shantanu/Pictures/Jaltantra_loop/JalTantra-Code-and-Scripts/./DataNetworkGraphInput_hashed/b3113500b2f175ef9dbfb2848a0cd8d8d69b8b64e811cc9462f19e4f03018f14.R'
$2      = '00:01:00'
python  = ''
python3 = '/usr/bin/python3'
/home/shantanu/Pictures/Jaltantra_loop/JalTantra-Code-and-Scripts
.
/home/shantanu/Pictures/Jaltantra_loop/JalTantra-Code-and-Scripts

date    = 'Thu Apr 18 09:56:16 PM IST 2024'
whoami  = 'shantanu'
pwd     = '/home/shantanu/Pictures/Jaltantra_loop/JalTantra-Code-and-Scripts'
$0      = '/home/shantanu/Pictures/Jaltantra_loop/JalTantra-Code-and-Scripts/CalculateNetworkCost_JaltantraLauncher.sh'
$1      = '/home/shantanu/Pictures/Jaltantra_loop/JalTantra-Code-and-Scripts/./DataNetworkGraphInput_hashed/2fc7a159b36c02ade148a6bf2eeea94a424b6e9de5bae09570516002bb4f7003.R'
$2      = '00:01:00'
python  = ''
python3 = '/usr/bin/python3'
/home/shantanu/Pictures/Jaltantra_loop/JalTantra-Code-and-Scripts
.
/home/shantanu/Pictures/Jaltantra_loop/JalTantra-Code-and-Scripts

date    = 'Thu Apr 18 09:59:02 PM IST 2024'
whoami  = 'shantanu'
pwd     = '/home/shantanu/Pictures/Jaltantra_loop/JalTantra-Code-and-Scripts'
$0      = '/home/shantanu/Pictures/Jaltantra_loop/JalTantra-Code-and-Scripts/CalculateNetworkCost_JaltantraLauncher.sh'
$1      = '/home/shantanu/Pictures/Jaltantra_loop/JalTantra-Code-and-Scripts/./DataNetworkGraphInput_hashed/f7ef891cf1a96b416d45d5894d86d36b24687b5eec21204f72569d4c0518ff74.R'
$2      = '00:01:00'
python  = ''
python3 = '/usr/bin/python3'
/home/shantanu/Pictures/Jaltantra_loop/JalTantra-Code-and-Scripts
.
/home/shantanu/Pictures/Jaltantra_loop/JalTantra-Code-and-Scripts

date    = 'Thu Apr 18 10:01:09 PM IST 2024'
whoami  = 'shantanu'
pwd     = '/home/shantanu/Pictures/Jaltantra_loop/JalTantra-Code-and-Scripts'
$0      = '/home/shantanu/Pictures/Jaltantra_loop/JalTantra-Code-and-Scripts/CalculateNetworkCost_JaltantraLauncher.sh'
$1      = '/home/shantanu/Pictures/Jaltantra_loop/JalTantra-Code-and-Scripts/./DataNetworkGraphInput_hashed/c6aee014d996128cf311cd9acb3ff23dc6c79d5e4846164cfac5b4468e636880.R'
$2      = '00:01:00'
python  = ''
python3 = '/usr/bin/python3'
/home/shantanu/Pictures/Jaltantra_loop/JalTantra-Code-and-Scripts
.
/home/shantanu/Pictures/Jaltantra_loop/JalTantra-Code-and-Scripts

date    = 'Thu Apr 18 10:02:55 PM IST 2024'
whoami  = 'shantanu'
pwd     = '/home/shantanu/Pictures/Jaltantra_loop/JalTantra-Code-and-Scripts'
$0      = '/home/shantanu/Pictures/Jaltantra_loop/JalTantra-Code-and-Scripts/CalculateNetworkCost_JaltantraLauncher.sh'
$1      = '/home/shantanu/Pictures/Jaltantra_loop/JalTantra-Code-and-Scripts/./DataNetworkGraphInput_hashed/6003eca8e83396767d93c7a06ed0c2de4b5fdc714adaf6a619ceef43a319a827.R'
$2      = '00:01:00'
python  = ''
python3 = '/usr/bin/python3'
/home/shantanu/Pictures/Jaltantra_loop/JalTantra-Code-and-Scripts
.
/home/shantanu/Pictures/Jaltantra_loop/JalTantra-Code-and-Scripts

date    = 'Thu Apr 18 10:06:38 PM IST 2024'
whoami  = 'shantanu'
pwd     = '/home/shantanu/Pictures/Jaltantra_loop/JalTantra-Code-and-Scripts'
$0      = '/home/shantanu/Pictures/Jaltantra_loop/JalTantra-Code-and-Scripts/CalculateNetworkCost_JaltantraLauncher.sh'
$1      = '/home/shantanu/Pictures/Jaltantra_loop/JalTantra-Code-and-Scripts/./DataNetworkGraphInput_hashed/6003eca8e83396767d93c7a06ed0c2de4b5fdc714adaf6a619ceef43a319a827.R'
$2      = '00:05:00'
python  = ''
python3 = '/usr/bin/python3'
/home/shantanu/Pictures/Jaltantra_loop/JalTantra-Code-and-Scripts
.
/home/shantanu/Pictures/Jaltantra_loop/JalTantra-Code-and-Scripts

date    = 'Thu Apr 18 10:10:43 PM IST 2024'
whoami  = 'shantanu'
pwd     = '/home/shantanu/Pictures/Jaltantra_loop/JalTantra-Code-and-Scripts'
$0      = '/home/shantanu/Pictures/Jaltantra_loop/JalTantra-Code-and-Scripts/CalculateNetworkCost_JaltantraLauncher.sh'
$1      = '/home/shantanu/Pictures/Jaltantra_loop/JalTantra-Code-and-Scripts/./DataNetworkGraphInput_hashed/6003eca8e83396767d93c7a06ed0c2de4b5fdc714adaf6a619ceef43a319a827.R'
$2      = '00:01:00'
python  = ''
python3 = '/usr/bin/python3'
/home/shantanu/Pictures/Jaltantra_loop/JalTantra-Code-and-Scripts
.
/home/shantanu/Pictures/Jaltantra_loop/JalTantra-Code-and-Scripts

date    = 'Thu Apr 18 10:15:47 PM IST 2024'
whoami  = 'shantanu'
pwd     = '/home/shantanu/Pictures/Jaltantra_loop/JalTantra-Code-and-Scripts'
$0      = '/home/shantanu/Pictures/Jaltantra_loop/JalTantra-Code-and-Scripts/CalculateNetworkCost_JaltantraLauncher.sh'
$1      = '/home/shantanu/Pictures/Jaltantra_loop/JalTantra-Code-and-Scripts/./DataNetworkGraphInput_hashed/6003eca8e83396767d93c7a06ed0c2de4b5fdc714adaf6a619ceef43a319a827.R'
$2      = '00:01:00'
python  = ''
python3 = '/usr/bin/python3'
/home/shantanu/Pictures/Jaltantra_loop/JalTantra-Code-and-Scripts
.
/home/shantanu/Pictures/Jaltantra_loop/JalTantra-Code-and-Scripts

date    = 'Thu Apr 18 10:18:53 PM IST 2024'
whoami  = 'shantanu'
pwd     = '/home/shantanu/Pictures/Jaltantra_loop/JalTantra-Code-and-Scripts'
$0      = '/home/shantanu/Pictures/Jaltantra_loop/JalTantra-Code-and-Scripts/CalculateNetworkCost_JaltantraLauncher.sh'
$1      = '/home/shantanu/Pictures/Jaltantra_loop/JalTantra-Code-and-Scripts/./DataNetworkGraphInput_hashed/6003eca8e83396767d93c7a06ed0c2de4b5fdc714adaf6a619ceef43a319a827.R'
$2      = '00:01:00'
python  = ''
python3 = '/usr/bin/python3'
/home/shantanu/Pictures/Jaltantra_loop/JalTantra-Code-and-Scripts
.
/home/shantanu/Pictures/Jaltantra_loop/JalTantra-Code-and-Scripts

date    = 'Fri Apr 19 03:19:10 PM IST 2024'
whoami  = 'shantanu'
pwd     = '/home/shantanu/Pictures/Jaltantra_loop/JalTantra-Code-and-Scripts'
$0      = '/home/shantanu/Pictures/Jaltantra_loop/JalTantra-Code-and-Scripts/CalculateNetworkCost_JaltantraLauncher.sh'
$1      = '/home/shantanu/Pictures/Jaltantra_loop/JalTantra-Code-and-Scripts/./DataNetworkGraphInput_hashed/9d367f917b2e374096be7fa237d2759fd0c80a3b0f3e89bff76ffa0427e705cb.R'
$2      = '00:01:00'
python  = ''
python3 = '/usr/bin/python3'
/home/shantanu/Pictures/Jaltantra_loop/JalTantra-Code-and-Scripts
.
/home/shantanu/Pictures/Jaltantra_loop/JalTantra-Code-and-Scripts

date    = 'Fri Apr 19 03:25:51 PM IST 2024'
whoami  = 'shantanu'
pwd     = '/home/shantanu/Pictures/Jaltantra_loop/JalTantra-Code-and-Scripts'
$0      = '/home/shantanu/Pictures/Jaltantra_loop/JalTantra-Code-and-Scripts/CalculateNetworkCost_JaltantraLauncher.sh'
$1      = '/home/shantanu/Pictures/Jaltantra_loop/JalTantra-Code-and-Scripts/./DataNetworkGraphInput_hashed/9d367f917b2e374096be7fa237d2759fd0c80a3b0f3e89bff76ffa0427e705cb.R'
$2      = '00:01:00'
python  = ''
python3 = '/usr/bin/python3'
/home/shantanu/Pictures/Jaltantra_loop/JalTantra-Code-and-Scripts
.
/home/shantanu/Pictures/Jaltantra_loop/JalTantra-Code-and-Scripts

date    = 'Fri Apr 19 03:28:13 PM IST 2024'
whoami  = 'shantanu'
pwd     = '/home/shantanu/Pictures/Jaltantra_loop/JalTantra-Code-and-Scripts'
$0      = '/home/shantanu/Pictures/Jaltantra_loop/JalTantra-Code-and-Scripts/CalculateNetworkCost_JaltantraLauncher.sh'
$1      = '/home/shantanu/Pictures/Jaltantra_loop/JalTantra-Code-and-Scripts/./DataNetworkGraphInput_hashed/9d367f917b2e374096be7fa237d2759fd0c80a3b0f3e89bff76ffa0427e705cb.R'
$2      = '00:01:00'
python  = ''
python3 = '/usr/bin/python3'
/home/shantanu/Pictures/Jaltantra_loop/JalTantra-Code-and-Scripts
.
/home/shantanu/Pictures/Jaltantra_loop/JalTantra-Code-and-Scripts

date    = 'Fri Apr 19 03:42:06 PM IST 2024'
whoami  = 'shantanu'
pwd     = '/home/shantanu/Pictures/Jaltantra_loop/JalTantra-Code-and-Scripts'
$0      = '/home/shantanu/Pictures/Jaltantra_loop/JalTantra-Code-and-Scripts/CalculateNetworkCost_JaltantraLauncher.sh'
$1      = '/home/shantanu/Pictures/Jaltantra_loop/JalTantra-Code-and-Scripts/./DataNetworkGraphInput_hashed/19a8d1a9a6fbac25f2f32aaef64909e245416ec88b37705ea934d10137c45d55.R'
$2      = '00:01:00'
python  = ''
python3 = '/usr/bin/python3'
/home/shantanu/Pictures/Jaltantra_loop/JalTantra-Code-and-Scripts
.
/home/shantanu/Pictures/Jaltantra_loop/JalTantra-Code-and-Scripts

date    = 'Fri Apr 19 03:46:59 PM IST 2024'
whoami  = 'shantanu'
pwd     = '/home/shantanu/Pictures/Jaltantra_loop/JalTantra-Code-and-Scripts'
$0      = '/home/shantanu/Pictures/Jaltantra_loop/JalTantra-Code-and-Scripts/CalculateNetworkCost_JaltantraLauncher.sh'
$1      = '/home/shantanu/Pictures/Jaltantra_loop/JalTantra-Code-and-Scripts/./DataNetworkGraphInput_hashed/e68942cfe3ffa08eac5396e80fe0b6566ab48d6a557481465b5c77ecb465eb3a.R'
$2      = '00:01:00'
python  = ''
python3 = '/usr/bin/python3'
/home/shantanu/Pictures/Jaltantra_loop/JalTantra-Code-and-Scripts
.
/home/shantanu/Pictures/Jaltantra_loop/JalTantra-Code-and-Scripts

date    = 'Fri Apr 19 03:49:35 PM IST 2024'
whoami  = 'shantanu'
pwd     = '/home/shantanu/Pictures/Jaltantra_loop/JalTantra-Code-and-Scripts'
$0      = '/home/shantanu/Pictures/Jaltantra_loop/JalTantra-Code-and-Scripts/CalculateNetworkCost_JaltantraLauncher.sh'
$1      = '/home/shantanu/Pictures/Jaltantra_loop/JalTantra-Code-and-Scripts/./DataNetworkGraphInput_hashed/55441fb48c35f9e27bb0608dc852d26642b7d399ad1cbca8bf57b0d52e5f46dd.R'
$2      = '00:01:00'
python  = ''
python3 = '/usr/bin/python3'
/home/shantanu/Pictures/Jaltantra_loop/JalTantra-Code-and-Scripts
.
/home/shantanu/Pictures/Jaltantra_loop/JalTantra-Code-and-Scripts

date    = 'Fri Apr 19 03:53:51 PM IST 2024'
whoami  = 'shantanu'
pwd     = '/home/shantanu/Pictures/Jaltantra_loop/JalTantra-Code-and-Scripts'
$0      = '/home/shantanu/Pictures/Jaltantra_loop/JalTantra-Code-and-Scripts/CalculateNetworkCost_JaltantraLauncher.sh'
$1      = '/home/shantanu/Pictures/Jaltantra_loop/JalTantra-Code-and-Scripts/./DataNetworkGraphInput_hashed/55441fb48c35f9e27bb0608dc852d26642b7d399ad1cbca8bf57b0d52e5f46dd.R'
$2      = '00:05:00'
python  = ''
python3 = '/usr/bin/python3'
/home/shantanu/Pictures/Jaltantra_loop/JalTantra-Code-and-Scripts
.
/home/shantanu/Pictures/Jaltantra_loop/JalTantra-Code-and-Scripts

date    = 'Fri Apr 19 04:00:44 PM IST 2024'
whoami  = 'shantanu'
pwd     = '/home/shantanu/Pictures/Jaltantra_loop/JalTantra-Code-and-Scripts'
$0      = '/home/shantanu/Pictures/Jaltantra_loop/JalTantra-Code-and-Scripts/CalculateNetworkCost_JaltantraLauncher.sh'
$1      = '/home/shantanu/Pictures/Jaltantra_loop/JalTantra-Code-and-Scripts/./DataNetworkGraphInput_hashed/55441fb48c35f9e27bb0608dc852d26642b7d399ad1cbca8bf57b0d52e5f46dd.R'
$2      = '00:10:00'
python  = ''
python3 = '/usr/bin/python3'
/home/shantanu/Pictures/Jaltantra_loop/JalTantra-Code-and-Scripts
.
/home/shantanu/Pictures/Jaltantra_loop/JalTantra-Code-and-Scripts

date    = 'Fri Apr 19 04:03:39 PM IST 2024'
whoami  = 'shantanu'
pwd     = '/home/shantanu/Pictures/Jaltantra_loop/JalTantra-Code-and-Scripts'
$0      = '/home/shantanu/Pictures/Jaltantra_loop/JalTantra-Code-and-Scripts/CalculateNetworkCost_JaltantraLauncher.sh'
$1      = '/home/shantanu/Pictures/Jaltantra_loop/JalTantra-Code-and-Scripts/./DataNetworkGraphInput_hashed/55441fb48c35f9e27bb0608dc852d26642b7d399ad1cbca8bf57b0d52e5f46dd.R'
$2      = '00:20:00'
python  = ''
python3 = '/usr/bin/python3'
/home/shantanu/Pictures/Jaltantra_loop/JalTantra-Code-and-Scripts
.
/home/shantanu/Pictures/Jaltantra_loop/JalTantra-Code-and-Scripts

date    = 'Fri Apr 19 04:33:08 PM IST 2024'
whoami  = 'shantanu'
pwd     = '/home/shantanu/Pictures/Jaltantra_loop/JalTantra-Code-and-Scripts'
$0      = '/home/shantanu/Pictures/Jaltantra_loop/JalTantra-Code-and-Scripts/CalculateNetworkCost_JaltantraLauncher.sh'
$1      = '/home/shantanu/Pictures/Jaltantra_loop/JalTantra-Code-and-Scripts/./DataNetworkGraphInput_hashed/21d4ac671a93055a3e485d9351973deca6ede25fd3e789c1a35ae1e5fc693d05.R'
$2      = '00:01:00'
python  = ''
python3 = '/usr/bin/python3'
/home/shantanu/Pictures/Jaltantra_loop/JalTantra-Code-and-Scripts
.
/home/shantanu/Pictures/Jaltantra_loop/JalTantra-Code-and-Scripts

date    = 'Fri Apr 19 04:35:06 PM IST 2024'
whoami  = 'shantanu'
pwd     = '/home/shantanu/Pictures/Jaltantra_loop/JalTantra-Code-and-Scripts'
$0      = '/home/shantanu/Pictures/Jaltantra_loop/JalTantra-Code-and-Scripts/CalculateNetworkCost_JaltantraLauncher.sh'
$1      = '/home/shantanu/Pictures/Jaltantra_loop/JalTantra-Code-and-Scripts/./DataNetworkGraphInput_hashed/21d4ac671a93055a3e485d9351973deca6ede25fd3e789c1a35ae1e5fc693d05.R'
$2      = '00:05:00'
python  = ''
python3 = '/usr/bin/python3'
/home/shantanu/Pictures/Jaltantra_loop/JalTantra-Code-and-Scripts
.
/home/shantanu/Pictures/Jaltantra_loop/JalTantra-Code-and-Scripts

date    = 'Fri Apr 19 04:49:48 PM IST 2024'
whoami  = 'shantanu'
pwd     = '/home/shantanu/Pictures/Jaltantra_loop/JalTantra-Code-and-Scripts'
$0      = '/home/shantanu/Pictures/Jaltantra_loop/JalTantra-Code-and-Scripts/CalculateNetworkCost_JaltantraLauncher.sh'
$1      = '/home/shantanu/Pictures/Jaltantra_loop/JalTantra-Code-and-Scripts/./DataNetworkGraphInput_hashed/d28aa6f5853fa691cc004bb36c3d5e419d7ad79f20c3477686d6be1e873ba2bc.R'
$2      = '00:01:00'
python  = ''
python3 = '/usr/bin/python3'
/home/shantanu/Pictures/Jaltantra_loop/JalTantra-Code-and-Scripts
.
/home/shantanu/Pictures/Jaltantra_loop/JalTantra-Code-and-Scripts

date    = 'Fri Apr 19 04:51:31 PM IST 2024'
whoami  = 'shantanu'
pwd     = '/home/shantanu/Pictures/Jaltantra_loop/JalTantra-Code-and-Scripts'
$0      = '/home/shantanu/Pictures/Jaltantra_loop/JalTantra-Code-and-Scripts/CalculateNetworkCost_JaltantraLauncher.sh'
$1      = '/home/shantanu/Pictures/Jaltantra_loop/JalTantra-Code-and-Scripts/./DataNetworkGraphInput_hashed/21d4ac671a93055a3e485d9351973deca6ede25fd3e789c1a35ae1e5fc693d05.R'
$2      = '00:01:00'
python  = ''
python3 = '/usr/bin/python3'
/home/shantanu/Pictures/Jaltantra_loop/JalTantra-Code-and-Scripts
.
/home/shantanu/Pictures/Jaltantra_loop/JalTantra-Code-and-Scripts

date    = 'Fri Apr 19 04:54:05 PM IST 2024'
whoami  = 'shantanu'
pwd     = '/home/shantanu/Pictures/Jaltantra_loop/JalTantra-Code-and-Scripts'
$0      = '/home/shantanu/Pictures/Jaltantra_loop/JalTantra-Code-and-Scripts/CalculateNetworkCost_JaltantraLauncher.sh'
$1      = '/home/shantanu/Pictures/Jaltantra_loop/JalTantra-Code-and-Scripts/./DataNetworkGraphInput_hashed/21d4ac671a93055a3e485d9351973deca6ede25fd3e789c1a35ae1e5fc693d05.R'
$2      = '00:05:00'
python  = ''
python3 = '/usr/bin/python3'
/home/shantanu/Pictures/Jaltantra_loop/JalTantra-Code-and-Scripts
.
/home/shantanu/Pictures/Jaltantra_loop/JalTantra-Code-and-Scripts

date    = 'Fri Apr 19 05:05:14 PM IST 2024'
whoami  = 'shantanu'
pwd     = '/home/shantanu/Pictures/Jaltantra_loop/JalTantra-Code-and-Scripts'
$0      = '/home/shantanu/Pictures/Jaltantra_loop/JalTantra-Code-and-Scripts/CalculateNetworkCost_JaltantraLauncher.sh'
$1      = '/home/shantanu/Pictures/Jaltantra_loop/JalTantra-Code-and-Scripts/./DataNetworkGraphInput_hashed/bda75e8354069b9633bd609cec129d8e0b678becbfee2658b1826f6db464008e.R'
$2      = '00:01:00'
python  = ''
python3 = '/usr/bin/python3'
/home/shantanu/Pictures/Jaltantra_loop/JalTantra-Code-and-Scripts
.
/home/shantanu/Pictures/Jaltantra_loop/JalTantra-Code-and-Scripts

date    = 'Fri Apr 19 05:13:08 PM IST 2024'
whoami  = 'shantanu'
pwd     = '/home/shantanu/Pictures/Jaltantra_loop/JalTantra-Code-and-Scripts'
$0      = '/home/shantanu/Pictures/Jaltantra_loop/JalTantra-Code-and-Scripts/CalculateNetworkCost_JaltantraLauncher.sh'
$1      = '/home/shantanu/Pictures/Jaltantra_loop/JalTantra-Code-and-Scripts/./DataNetworkGraphInput_hashed/bda75e8354069b9633bd609cec129d8e0b678becbfee2658b1826f6db464008e.R'
$2      = '00:01:00'
python  = ''
python3 = '/usr/bin/python3'
/home/shantanu/Pictures/Jaltantra_loop/JalTantra-Code-and-Scripts
.
/home/shantanu/Pictures/Jaltantra_loop/JalTantra-Code-and-Scripts

date    = 'Fri Apr 19 05:15:28 PM IST 2024'
whoami  = 'shantanu'
pwd     = '/home/shantanu/Pictures/Jaltantra_loop/JalTantra-Code-and-Scripts'
$0      = '/home/shantanu/Pictures/Jaltantra_loop/JalTantra-Code-and-Scripts/CalculateNetworkCost_JaltantraLauncher.sh'
$1      = '/home/shantanu/Pictures/Jaltantra_loop/JalTantra-Code-and-Scripts/./DataNetworkGraphInput_hashed/bda75e8354069b9633bd609cec129d8e0b678becbfee2658b1826f6db464008e.R'
$2      = '00:01:00'
python  = ''
python3 = '/usr/bin/python3'
/home/shantanu/Pictures/Jaltantra_loop/JalTantra-Code-and-Scripts
.
/home/shantanu/Pictures/Jaltantra_loop/JalTantra-Code-and-Scripts
